<?xml version="1.0" encoding="UTF-8"?>
<!-- Generated by org.testng.reporters.JUnitXMLReporter -->
<testsuite hostname="sunwin-PC" name="Default test" tests="33" failures="4" timestamp="6 Mar 2018 11:36:06 GMT" time="927.29" errors="0">
  <testcase name="@BeforeMethod newDriver" time="0.0" classname="Test.TestInformationcenter">
    <failure type="org.openqa.selenium.NoSuchElementException" message="no such element: Unable to locate element: {&amp;quot;method&amp;quot;:&amp;quot;name&amp;quot;,&amp;quot;selector&amp;quot;:&amp;quot;UserCode&amp;quot;}
  (Session info: chrome=64.0.3282.167)
  (Driver info: chromedriver=2.33.506120 (e3e53437346286c0bc2d2dc9aa4915ba81d9023f),platform=Windows NT 6.1.7601 SP1 x86_64) (WARNING: The server did not provide any stacktrace information)
Command duration or timeout: 48 milliseconds
For documentation on this error, please visit: http://seleniumhq.org/exceptions/no_such_element.html
Build info: version: &amp;apos;2.40.0&amp;apos;, revision: &amp;apos;fbe29a9&amp;apos;, time: &amp;apos;2014-02-19 20:55:11&amp;apos;
System info: host: &amp;apos;sunwin-PC&amp;apos;, ip: &amp;apos;192.168.100.63&amp;apos;, os.name: &amp;apos;Windows 7&amp;apos;, os.arch: &amp;apos;x86&amp;apos;, os.version: &amp;apos;6.1&amp;apos;, java.version: &amp;apos;1.8.0_151&amp;apos;
Driver info: org.openqa.selenium.chrome.ChromeDriver
Capabilities [{applicationCacheEnabled=false, rotatable=false, mobileEmulationEnabled=false, networkConnectionEnabled=false, chrome={chromedriverVersion=2.33.506120 (e3e53437346286c0bc2d2dc9aa4915ba81d9023f), userDataDir=C:/Users/sunwin/AppData/Local/Google/Chrome/User Data}, takesHeapSnapshot=true, pageLoadStrategy=normal, databaseEnabled=false, handlesAlerts=true, hasTouchScreen=false, version=64.0.3282.167, platform=XP, browserConnectionEnabled=false, nativeEvents=true, acceptSslCerts=true, locationContextEnabled=true, webStorageEnabled=true, browserName=chrome, takesScreenshot=true, javascriptEnabled=true, cssSelectorsEnabled=true, setWindowRect=true, unexpectedAlertBehaviour=}]
Session ID: fd14833d7b28da50e4823980b61b5091">
      <![CDATA[org.openqa.selenium.NoSuchElementException: no such element: Unable to locate element: {"method":"name","selector":"UserCode"}
  (Session info: chrome=64.0.3282.167)
  (Driver info: chromedriver=2.33.506120 (e3e53437346286c0bc2d2dc9aa4915ba81d9023f),platform=Windows NT 6.1.7601 SP1 x86_64) (WARNING: The server did not provide any stacktrace information)
Command duration or timeout: 48 milliseconds
For documentation on this error, please visit: http://seleniumhq.org/exceptions/no_such_element.html
Build info: version: '2.40.0', revision: 'fbe29a9', time: '2014-02-19 20:55:11'
System info: host: 'sunwin-PC', ip: '192.168.100.63', os.name: 'Windows 7', os.arch: 'x86', os.version: '6.1', java.version: '1.8.0_151'
Driver info: org.openqa.selenium.chrome.ChromeDriver
Capabilities [{applicationCacheEnabled=false, rotatable=false, mobileEmulationEnabled=false, networkConnectionEnabled=false, chrome={chromedriverVersion=2.33.506120 (e3e53437346286c0bc2d2dc9aa4915ba81d9023f), userDataDir=C:/Users/sunwin/AppData/Local/Google/Chrome/User Data}, takesHeapSnapshot=true, pageLoadStrategy=normal, databaseEnabled=false, handlesAlerts=true, hasTouchScreen=false, version=64.0.3282.167, platform=XP, browserConnectionEnabled=false, nativeEvents=true, acceptSslCerts=true, locationContextEnabled=true, webStorageEnabled=true, browserName=chrome, takesScreenshot=true, javascriptEnabled=true, cssSelectorsEnabled=true, setWindowRect=true, unexpectedAlertBehaviour=}]
Session ID: fd14833d7b28da50e4823980b61b5091
	at sun.reflect.NativeConstructorAccessorImpl.newInstance0(Native Method)
	at sun.reflect.NativeConstructorAccessorImpl.newInstance(Unknown Source)
	at sun.reflect.DelegatingConstructorAccessorImpl.newInstance(Unknown Source)
	at java.lang.reflect.Constructor.newInstance(Unknown Source)
	at org.openqa.selenium.remote.ErrorHandler.createThrowable(ErrorHandler.java:193)
	at org.openqa.selenium.remote.ErrorHandler.throwIfResponseFailed(ErrorHandler.java:145)
	at org.openqa.selenium.remote.RemoteWebDriver.execute(RemoteWebDriver.java:573)
	at org.openqa.selenium.remote.RemoteWebDriver.findElement(RemoteWebDriver.java:326)
	at org.openqa.selenium.remote.RemoteWebDriver.findElementByName(RemoteWebDriver.java:399)
	at org.openqa.selenium.By$ByName.findElement(By.java:299)
	at org.openqa.selenium.remote.RemoteWebDriver.findElement(RemoteWebDriver.java:318)
	at Test.HomePage.getUserTextField(HomePage.java:41)
	at Test.HomePage.login(HomePage.java:60)
	at Test.TestInformationcenter.newDriver(TestInformationcenter.java:33)
	at sun.reflect.NativeMethodAccessorImpl.invoke0(Native Method)
	at sun.reflect.NativeMethodAccessorImpl.invoke(Unknown Source)
	at sun.reflect.DelegatingMethodAccessorImpl.invoke(Unknown Source)
	at java.lang.reflect.Method.invoke(Unknown Source)
	at org.testng.internal.MethodInvocationHelper.invokeMethod(MethodInvocationHelper.java:84)
	at org.testng.internal.Invoker.invokeConfigurationMethod(Invoker.java:564)
	at org.testng.internal.Invoker.invokeConfigurations(Invoker.java:213)
	at org.testng.internal.Invoker.invokeMethod(Invoker.java:653)
	at org.testng.internal.Invoker.invokeTestMethod(Invoker.java:901)
	at org.testng.internal.Invoker.invokeTestMethods(Invoker.java:1231)
	at org.testng.internal.TestMethodWorker.invokeTestMethods(TestMethodWorker.java:127)
	at org.testng.internal.TestMethodWorker.run(TestMethodWorker.java:111)
	at org.testng.TestRunner.privateRun(TestRunner.java:767)
	at org.testng.TestRunner.run(TestRunner.java:617)
	at org.testng.SuiteRunner.runTest(SuiteRunner.java:334)
	at org.testng.SuiteRunner.runSequentially(SuiteRunner.java:329)
	at org.testng.SuiteRunner.privateRun(SuiteRunner.java:291)
	at org.testng.SuiteRunner.run(SuiteRunner.java:240)
	at org.testng.SuiteRunnerWorker.runSuite(SuiteRunnerWorker.java:52)
	at org.testng.SuiteRunnerWorker.run(SuiteRunnerWorker.java:86)
	at org.testng.TestNG.runSuitesSequentially(TestNG.java:1224)
	at org.testng.TestNG.runSuitesLocally(TestNG.java:1149)
	at org.testng.TestNG.run(TestNG.java:1057)
	at org.testng.remote.AbstractRemoteTestNG.run(AbstractRemoteTestNG.java:132)
	at org.testng.remote.RemoteTestNG.initAndRun(RemoteTestNG.java:236)
	at org.testng.remote.RemoteTestNG.main(RemoteTestNG.java:81)
]]>
    </failure>
  </testcase> <!-- @BeforeMethod newDriver -->
  <testcase name="@AfterMethod driverEnd" time="0.0" classname="Test.TestInformationcenter">
    <skipped/>
  </testcase> <!-- @AfterMethod driverEnd -->
  <testcase name="@BeforeMethod newDriver" time="0.0" classname="Test.TestInformationcenter">
    <skipped/>
  </testcase> <!-- @BeforeMethod newDriver -->
  <testcase name="@AfterMethod driverEnd" time="0.0" classname="Test.TestInformationcenter">
    <skipped/>
  </testcase> <!-- @AfterMethod driverEnd -->
  <testcase name="@BeforeMethod newDriver" time="0.0" classname="Test.TestInformationcenter">
    <skipped/>
  </testcase> <!-- @BeforeMethod newDriver -->
  <testcase name="@AfterMethod driverEnd" time="0.0" classname="Test.TestInformationcenter">
    <skipped/>
  </testcase> <!-- @AfterMethod driverEnd -->
  <testcase name="@BeforeMethod newDriver" time="0.0" classname="Test.TestInformationcenter">
    <skipped/>
  </testcase> <!-- @BeforeMethod newDriver -->
  <testcase name="@AfterMethod driverEnd" time="0.0" classname="Test.TestInformationcenter">
    <skipped/>
  </testcase> <!-- @AfterMethod driverEnd -->
  <testcase name="@BeforeMethod newDriver" time="0.0" classname="Test.TestInformationcenter">
    <skipped/>
  </testcase> <!-- @BeforeMethod newDriver -->
  <testcase name="@AfterMethod driverEnd" time="0.0" classname="Test.TestInformationcenter">
    <skipped/>
  </testcase> <!-- @AfterMethod driverEnd -->
  <testcase name="@BeforeMethod newDriver" time="0.0" classname="Test.TestInformationcenter">
    <skipped/>
  </testcase> <!-- @BeforeMethod newDriver -->
  <testcase name="@AfterMethod driverEnd" time="0.0" classname="Test.TestInformationcenter">
    <skipped/>
  </testcase> <!-- @AfterMethod driverEnd -->
  <testcase name="@BeforeMethod newDriver" time="0.0" classname="Test.TestInformationcenter">
    <skipped/>
  </testcase> <!-- @BeforeMethod newDriver -->
  <testcase name="@AfterMethod driverEnd" time="0.0" classname="Test.TestInformationcenter">
    <skipped/>
  </testcase> <!-- @AfterMethod driverEnd -->
  <testcase name="@BeforeMethod newDriver" time="0.0" classname="Test.TestInformationcenter">
    <skipped/>
  </testcase> <!-- @BeforeMethod newDriver -->
  <testcase name="@AfterMethod driverEnd" time="0.0" classname="Test.TestInformationcenter">
    <skipped/>
  </testcase> <!-- @AfterMethod driverEnd -->
  <testcase name="@BeforeMethod newDriver" time="0.0" classname="Test.TestInformationcenter">
    <skipped/>
  </testcase> <!-- @BeforeMethod newDriver -->
  <testcase name="@AfterMethod driverEnd" time="0.0" classname="Test.TestInformationcenter">
    <skipped/>
  </testcase> <!-- @AfterMethod driverEnd -->
  <testcase name="@BeforeMethod newDriver" time="0.0" classname="Test.TestInformationcenter">
    <skipped/>
  </testcase> <!-- @BeforeMethod newDriver -->
  <testcase name="@AfterMethod driverEnd" time="0.0" classname="Test.TestInformationcenter">
    <skipped/>
  </testcase> <!-- @AfterMethod driverEnd -->
  <testcase name="@BeforeMethod newDriver" time="0.0" classname="Test.TestInformationcenter">
    <skipped/>
  </testcase> <!-- @BeforeMethod newDriver -->
  <testcase name="@AfterMethod driverEnd" time="0.0" classname="Test.TestInformationcenter">
    <skipped/>
  </testcase> <!-- @AfterMethod driverEnd -->
  <testcase name="@BeforeMethod newDriver" time="0.0" classname="Test.TestInformationcenter">
    <skipped/>
  </testcase> <!-- @BeforeMethod newDriver -->
  <testcase name="@AfterMethod driverEnd" time="0.0" classname="Test.TestInformationcenter">
    <skipped/>
  </testcase> <!-- @AfterMethod driverEnd -->
  <testcase name="@BeforeMethod newDriver" time="0.0" classname="Test.TestInformationcenter">
    <skipped/>
  </testcase> <!-- @BeforeMethod newDriver -->
  <testcase name="@AfterMethod driverEnd" time="0.0" classname="Test.TestInformationcenter">
    <skipped/>
  </testcase> <!-- @AfterMethod driverEnd -->
  <testcase name="@BeforeMethod newDriver" time="0.0" classname="Test.TestInformationcenter">
    <skipped/>
  </testcase> <!-- @BeforeMethod newDriver -->
  <testcase name="@AfterMethod driverEnd" time="0.0" classname="Test.TestInformationcenter">
    <skipped/>
  </testcase> <!-- @AfterMethod driverEnd -->
  <testcase name="@BeforeMethod newDriver" time="0.0" classname="Test.TestInformationcenter">
    <skipped/>
  </testcase> <!-- @BeforeMethod newDriver -->
  <testcase name="@AfterMethod driverEnd" time="0.0" classname="Test.TestInformationcenter">
    <skipped/>
  </testcase> <!-- @AfterMethod driverEnd -->
  <testcase name="@BeforeMethod newDriver" time="0.0" classname="Test.TestInformationcenter">
    <skipped/>
  </testcase> <!-- @BeforeMethod newDriver -->
  <testcase name="@AfterMethod driverEnd" time="0.0" classname="Test.TestInformationcenter">
    <skipped/>
  </testcase> <!-- @AfterMethod driverEnd -->
  <testcase name="@BeforeMethod newDriver" time="0.0" classname="Test.TestInformationcenter">
    <skipped/>
  </testcase> <!-- @BeforeMethod newDriver -->
  <testcase name="@AfterMethod driverEnd" time="0.0" classname="Test.TestInformationcenter">
    <skipped/>
  </testcase> <!-- @AfterMethod driverEnd -->
  <testcase name="@BeforeMethod newDriver" time="0.0" classname="Test.TestInformationcenter">
    <skipped/>
  </testcase> <!-- @BeforeMethod newDriver -->
  <testcase name="@AfterMethod driverEnd" time="0.0" classname="Test.TestInformationcenter">
    <skipped/>
  </testcase> <!-- @AfterMethod driverEnd -->
  <testcase name="@BeforeMethod newDriver" time="0.0" classname="Test.TestInformationcenter">
    <skipped/>
  </testcase> <!-- @BeforeMethod newDriver -->
  <testcase name="@AfterMethod driverEnd" time="0.0" classname="Test.TestInformationcenter">
    <skipped/>
  </testcase> <!-- @AfterMethod driverEnd -->
  <testcase name="@BeforeMethod newDriver" time="0.0" classname="Test.TestInformationcenter">
    <skipped/>
  </testcase> <!-- @BeforeMethod newDriver -->
  <testcase name="@AfterMethod driverEnd" time="0.0" classname="Test.TestInformationcenter">
    <skipped/>
  </testcase> <!-- @AfterMethod driverEnd -->
  <testcase name="testAirportData" time="15.512" classname="Test.TestInformationcenter"/>
  <testcase name="testAirportDataFourCodeInquire" time="21.621" classname="Test.TestInformationcenter">
    <failure type="java.lang.AssertionError">
      <![CDATA[java.lang.AssertionError
	at org.junit.Assert.fail(Assert.java:86)
	at org.junit.Assert.assertTrue(Assert.java:41)
	at org.junit.Assert.assertTrue(Assert.java:52)
	at Test.TestInformationcenter.testAirportDataFourCodeInquire(TestInformationcenter.java:100)
	at sun.reflect.NativeMethodAccessorImpl.invoke0(Native Method)
	at sun.reflect.NativeMethodAccessorImpl.invoke(Unknown Source)
	at sun.reflect.DelegatingMethodAccessorImpl.invoke(Unknown Source)
	at java.lang.reflect.Method.invoke(Unknown Source)
	at org.testng.internal.MethodInvocationHelper.invokeMethod(MethodInvocationHelper.java:84)
	at org.testng.internal.Invoker.invokeMethod(Invoker.java:714)
	at org.testng.internal.Invoker.invokeTestMethod(Invoker.java:901)
	at org.testng.internal.Invoker.invokeTestMethods(Invoker.java:1231)
	at org.testng.internal.TestMethodWorker.invokeTestMethods(TestMethodWorker.java:127)
	at org.testng.internal.TestMethodWorker.run(TestMethodWorker.java:111)
	at org.testng.TestRunner.privateRun(TestRunner.java:767)
	at org.testng.TestRunner.run(TestRunner.java:617)
	at org.testng.SuiteRunner.runTest(SuiteRunner.java:334)
	at org.testng.SuiteRunner.runSequentially(SuiteRunner.java:329)
	at org.testng.SuiteRunner.privateRun(SuiteRunner.java:291)
	at org.testng.SuiteRunner.run(SuiteRunner.java:240)
	at org.testng.SuiteRunnerWorker.runSuite(SuiteRunnerWorker.java:52)
	at org.testng.SuiteRunnerWorker.run(SuiteRunnerWorker.java:86)
	at org.testng.TestNG.runSuitesSequentially(TestNG.java:1224)
	at org.testng.TestNG.runSuitesLocally(TestNG.java:1149)
	at org.testng.TestNG.run(TestNG.java:1057)
	at org.testng.remote.AbstractRemoteTestNG.run(AbstractRemoteTestNG.java:132)
	at org.testng.remote.RemoteTestNG.initAndRun(RemoteTestNG.java:236)
	at org.testng.remote.RemoteTestNG.main(RemoteTestNG.java:81)
]]>
    </failure>
  </testcase> <!-- testAirportDataFourCodeInquire -->
  <testcase name="testAirportInformation" time="15.199" classname="Test.TestInformationcenter"/>
  <testcase name="testEndAirportInquire" time="22.119" classname="Test.TestInformationcenter">
    <failure type="java.lang.AssertionError">
      <![CDATA[java.lang.AssertionError
	at org.junit.Assert.fail(Assert.java:86)
	at org.junit.Assert.assertTrue(Assert.java:41)
	at org.junit.Assert.assertTrue(Assert.java:52)
	at Test.TestInformationcenter.testEndAirportInquire(TestInformationcenter.java:201)
	at sun.reflect.NativeMethodAccessorImpl.invoke0(Native Method)
	at sun.reflect.NativeMethodAccessorImpl.invoke(Unknown Source)
	at sun.reflect.DelegatingMethodAccessorImpl.invoke(Unknown Source)
	at java.lang.reflect.Method.invoke(Unknown Source)
	at org.testng.internal.MethodInvocationHelper.invokeMethod(MethodInvocationHelper.java:84)
	at org.testng.internal.Invoker.invokeMethod(Invoker.java:714)
	at org.testng.internal.Invoker.invokeTestMethod(Invoker.java:901)
	at org.testng.internal.Invoker.invokeTestMethods(Invoker.java:1231)
	at org.testng.internal.TestMethodWorker.invokeTestMethods(TestMethodWorker.java:127)
	at org.testng.internal.TestMethodWorker.run(TestMethodWorker.java:111)
	at org.testng.TestRunner.privateRun(TestRunner.java:767)
	at org.testng.TestRunner.run(TestRunner.java:617)
	at org.testng.SuiteRunner.runTest(SuiteRunner.java:334)
	at org.testng.SuiteRunner.runSequentially(SuiteRunner.java:329)
	at org.testng.SuiteRunner.privateRun(SuiteRunner.java:291)
	at org.testng.SuiteRunner.run(SuiteRunner.java:240)
	at org.testng.SuiteRunnerWorker.runSuite(SuiteRunnerWorker.java:52)
	at org.testng.SuiteRunnerWorker.run(SuiteRunnerWorker.java:86)
	at org.testng.TestNG.runSuitesSequentially(TestNG.java:1224)
	at org.testng.TestNG.runSuitesLocally(TestNG.java:1149)
	at org.testng.TestNG.run(TestNG.java:1057)
	at org.testng.remote.AbstractRemoteTestNG.run(AbstractRemoteTestNG.java:132)
	at org.testng.remote.RemoteTestNG.initAndRun(RemoteTestNG.java:236)
	at org.testng.remote.RemoteTestNG.main(RemoteTestNG.java:81)
]]>
    </failure>
  </testcase> <!-- testEndAirportInquire -->
  <testcase name="testFlightCharacteristic" time="15.247" classname="Test.TestInformationcenter"/>
  <testcase name="testFlightData" time="15.809" classname="Test.TestInformationcenter"/>
  <testcase name="testFlightchange" time="15.264" classname="Test.TestInformationcenter"/>
  <testcase name="testFlyPlan" time="15.407" classname="Test.TestInformationcenter"/>
  <testcase name="testFlyTime" time="15.214" classname="Test.TestInformationcenter"/>
  <testcase name="testFourCodeInquire" time="21.706" classname="Test.TestInformationcenter"/>
  <testcase name="testInquireDateFlyPlan" time="40.852" classname="Test.TestInformationcenter"/>
  <testcase name="testInquireDateFlyTime" time="36.353" classname="Test.TestInformationcenter">
    <failure type="java.lang.AssertionError">
      <![CDATA[java.lang.AssertionError
	at org.junit.Assert.fail(Assert.java:86)
	at org.junit.Assert.assertTrue(Assert.java:41)
	at org.junit.Assert.assertTrue(Assert.java:52)
	at Test.TestInformationcenter.testInquireDateFlyTime(TestInformationcenter.java:374)
	at sun.reflect.NativeMethodAccessorImpl.invoke0(Native Method)
	at sun.reflect.NativeMethodAccessorImpl.invoke(Unknown Source)
	at sun.reflect.DelegatingMethodAccessorImpl.invoke(Unknown Source)
	at java.lang.reflect.Method.invoke(Unknown Source)
	at org.testng.internal.MethodInvocationHelper.invokeMethod(MethodInvocationHelper.java:84)
	at org.testng.internal.Invoker.invokeMethod(Invoker.java:714)
	at org.testng.internal.Invoker.invokeTestMethod(Invoker.java:901)
	at org.testng.internal.Invoker.invokeTestMethods(Invoker.java:1231)
	at org.testng.internal.TestMethodWorker.invokeTestMethods(TestMethodWorker.java:127)
	at org.testng.internal.TestMethodWorker.run(TestMethodWorker.java:111)
	at org.testng.TestRunner.privateRun(TestRunner.java:767)
	at org.testng.TestRunner.run(TestRunner.java:617)
	at org.testng.SuiteRunner.runTest(SuiteRunner.java:334)
	at org.testng.SuiteRunner.runSequentially(SuiteRunner.java:329)
	at org.testng.SuiteRunner.privateRun(SuiteRunner.java:291)
	at org.testng.SuiteRunner.run(SuiteRunner.java:240)
	at org.testng.SuiteRunnerWorker.runSuite(SuiteRunnerWorker.java:52)
	at org.testng.SuiteRunnerWorker.run(SuiteRunnerWorker.java:86)
	at org.testng.TestNG.runSuitesSequentially(TestNG.java:1224)
	at org.testng.TestNG.runSuitesLocally(TestNG.java:1149)
	at org.testng.TestNG.run(TestNG.java:1057)
	at org.testng.remote.AbstractRemoteTestNG.run(AbstractRemoteTestNG.java:132)
	at org.testng.remote.RemoteTestNG.initAndRun(RemoteTestNG.java:236)
	at org.testng.remote.RemoteTestNG.main(RemoteTestNG.java:81)
]]>
    </failure>
  </testcase> <!-- testInquireDateFlyTime -->
  <testcase name="testInquireFlightCharacteristic" time="16.944" classname="Test.TestInformationcenter">
    <failure type="java.lang.AssertionError">
      <![CDATA[java.lang.AssertionError
	at org.junit.Assert.fail(Assert.java:86)
	at org.junit.Assert.assertTrue(Assert.java:41)
	at org.junit.Assert.assertTrue(Assert.java:52)
	at Test.TestInformationcenter.testInquireFlightCharacteristic(TestInformationcenter.java:227)
	at sun.reflect.NativeMethodAccessorImpl.invoke0(Native Method)
	at sun.reflect.NativeMethodAccessorImpl.invoke(Unknown Source)
	at sun.reflect.DelegatingMethodAccessorImpl.invoke(Unknown Source)
	at java.lang.reflect.Method.invoke(Unknown Source)
	at org.testng.internal.MethodInvocationHelper.invokeMethod(MethodInvocationHelper.java:84)
	at org.testng.internal.Invoker.invokeMethod(Invoker.java:714)
	at org.testng.internal.Invoker.invokeTestMethod(Invoker.java:901)
	at org.testng.internal.Invoker.invokeTestMethods(Invoker.java:1231)
	at org.testng.internal.TestMethodWorker.invokeTestMethods(TestMethodWorker.java:127)
	at org.testng.internal.TestMethodWorker.run(TestMethodWorker.java:111)
	at org.testng.TestRunner.privateRun(TestRunner.java:767)
	at org.testng.TestRunner.run(TestRunner.java:617)
	at org.testng.SuiteRunner.runTest(SuiteRunner.java:334)
	at org.testng.SuiteRunner.runSequentially(SuiteRunner.java:329)
	at org.testng.SuiteRunner.privateRun(SuiteRunner.java:291)
	at org.testng.SuiteRunner.run(SuiteRunner.java:240)
	at org.testng.SuiteRunnerWorker.runSuite(SuiteRunnerWorker.java:52)
	at org.testng.SuiteRunnerWorker.run(SuiteRunnerWorker.java:86)
	at org.testng.TestNG.runSuitesSequentially(TestNG.java:1224)
	at org.testng.TestNG.runSuitesLocally(TestNG.java:1149)
	at org.testng.TestNG.run(TestNG.java:1057)
	at org.testng.remote.AbstractRemoteTestNG.run(AbstractRemoteTestNG.java:132)
	at org.testng.remote.RemoteTestNG.initAndRun(RemoteTestNG.java:236)
	at org.testng.remote.RemoteTestNG.main(RemoteTestNG.java:81)
]]>
    </failure>
  </testcase> <!-- testInquireFlightCharacteristic -->
  <testcase name="testInquireFlightDate" time="0.001" classname="Test.TestInformationcenter">
    <skipped/>
  </testcase> <!-- testInquireFlightDate -->
  <testcase name="testInquireFlightDateReservationInformation" time="0.003" classname="Test.TestInformationcenter">
    <skipped/>
  </testcase> <!-- testInquireFlightDateReservationInformation -->
  <testcase name="testInquireFlightNo" time="0.002" classname="Test.TestInformationcenter">
    <skipped/>
  </testcase> <!-- testInquireFlightNo -->
  <testcase name="testInquireFlightNoFlyPlan" time="0.001" classname="Test.TestInformationcenter">
    <skipped/>
  </testcase> <!-- testInquireFlightNoFlyPlan -->
  <testcase name="testInquireFlightNoReservationInformation" time="0.001" classname="Test.TestInformationcenter">
    <skipped/>
  </testcase> <!-- testInquireFlightNoReservationInformation -->
  <testcase name="testInquireNameFlyPlan" time="0.001" classname="Test.TestInformationcenter">
    <skipped/>
  </testcase> <!-- testInquireNameFlyPlan -->
  <testcase name="testInquireNameFlyTime" time="0.001" classname="Test.TestInformationcenter">
    <skipped/>
  </testcase> <!-- testInquireNameFlyTime -->
  <testcase name="testInquirePlaneNo" time="0.001" classname="Test.TestInformationcenter">
    <skipped/>
  </testcase> <!-- testInquirePlaneNo -->
  <testcase name="testInquireReadyInformation" time="0.001" classname="Test.TestInformationcenter">
    <skipped/>
  </testcase> <!-- testInquireReadyInformation -->
  <testcase name="testInquireWeaterInformation" time="0.003" classname="Test.TestInformationcenter">
    <skipped/>
  </testcase> <!-- testInquireWeaterInformation -->
  <testcase name="testPlaneCodeInquire" time="0.001" classname="Test.TestInformationcenter">
    <skipped/>
  </testcase> <!-- testPlaneCodeInquire -->
  <testcase name="testPlaneDetailedInformation" time="0.002" classname="Test.TestInformationcenter">
    <skipped/>
  </testcase> <!-- testPlaneDetailedInformation -->
  <testcase name="testPlaneFault" time="0.002" classname="Test.TestInformationcenter">
    <skipped/>
  </testcase> <!-- testPlaneFault -->
  <testcase name="testPlaneInformation" time="0.001" classname="Test.TestInformationcenter">
    <skipped/>
  </testcase> <!-- testPlaneInformation -->
  <testcase name="testReadyInformation" time="0.001" classname="Test.TestInformationcenter">
    <skipped/>
  </testcase> <!-- testReadyInformation -->
  <testcase name="testReservationInformation" time="0.001" classname="Test.TestInformationcenter">
    <skipped/>
  </testcase> <!-- testReservationInformation -->
  <testcase name="testRouteInquire" time="0.001" classname="Test.TestInformationcenter">
    <skipped/>
  </testcase> <!-- testRouteInquire -->
  <testcase name="testStartAirportInquire" time="0.001" classname="Test.TestInformationcenter">
    <skipped/>
  </testcase> <!-- testStartAirportInquire -->
  <testcase name="testThreeCodeInquire" time="0.001" classname="Test.TestInformationcenter">
    <skipped/>
  </testcase> <!-- testThreeCodeInquire -->
  <testcase name="testWeaterInformation" time="0.001" classname="Test.TestInformationcenter">
    <skipped/>
  </testcase> <!-- testWeaterInformation -->
</testsuite> <!-- Default test -->
