<html>
<head>
<title>TestNG:  Default test</title>
<link href="../testng.css" rel="stylesheet" type="text/css" />
<link href="../my-testng.css" rel="stylesheet" type="text/css" />

<style type="text/css">
.log { display: none;} 
.stack-trace { display: none;} 
</style>
<script type="text/javascript">
<!--
function flip(e) {
  current = e.style.display;
  if (current == 'block') {
    e.style.display = 'none';
    return 0;
  }
  else {
    e.style.display = 'block';
    return 1;
  }
}

function toggleBox(szDivId, elem, msg1, msg2)
{
  var res = -1;  if (document.getElementById) {
    res = flip(document.getElementById(szDivId));
  }
  else if (document.all) {
    // this is the way old msie versions work
    res = flip(document.all[szDivId]);
  }
  if(elem) {
    if(res == 0) elem.innerHTML = msg1; else elem.innerHTML = msg2;
  }

}

function toggleAllBoxes() {
  if (document.getElementsByTagName) {
    d = document.getElementsByTagName('div');
    for (i = 0; i < d.length; i++) {
      if (d[i].className == 'log') {
        flip(d[i]);
      }
    }
  }
}

// -->
</script>

</head>
<body>
<h2 align='center'>Default test</h2><table border='1' align="center">
<tr>
<td>Tests passed/Failed/Skipped:</td><td>9/4/20</td>
</tr><tr>
<td>Started on:</td><td>Tue Mar 06 19:20:39 CST 2018</td>
</tr>
<tr><td>Total time:</td><td>927 seconds (927290 ms)</td>
</tr><tr>
<td>Included groups:</td><td></td>
</tr><tr>
<td>Excluded groups:</td><td></td>
</tr>
</table><p/>
<small><i>(Hover the method name to see the test class name)</i></small><p/>
<table width='100%' border='1' class='invocation-failed'>
<tr><td colspan='4' align='center'><b>FAILED CONFIGURATIONS</b></td></tr>
<tr><td><b>Test method</b></td>
<td width="30%"><b>Exception</b></td>
<td width="10%"><b>Time (seconds)</b></td>
<td><b>Instance</b></td>
</tr>
<tr>
<td title='Test.TestInformationcenter.newDriver()'><b>newDriver</b><br>Test class: Test.TestInformationcenter</td>
<td><div><pre>org.openqa.selenium.NoSuchElementException: no such element: Unable to locate element: {&quot;method&quot;:&quot;name&quot;,&quot;selector&quot;:&quot;UserCode&quot;}
  (Session info: chrome=64.0.3282.167)
  (Driver info: chromedriver=2.33.506120 (e3e53437346286c0bc2d2dc9aa4915ba81d9023f),platform=Windows NT 6.1.7601 SP1 x86_64) (WARNING: The server did not provide any stacktrace information)
Command duration or timeout: 48 milliseconds
For documentation on this error, please visit: http://seleniumhq.org/exceptions/no_such_element.html
Build info: version: &apos;2.40.0&apos;, revision: &apos;fbe29a9&apos;, time: &apos;2014-02-19 20:55:11&apos;
System info: host: &apos;sunwin-PC&apos;, ip: &apos;192.168.100.63&apos;, os.name: &apos;Windows 7&apos;, os.arch: &apos;x86&apos;, os.version: &apos;6.1&apos;, java.version: &apos;1.8.0_151&apos;
Driver info: org.openqa.selenium.chrome.ChromeDriver
Capabilities [{applicationCacheEnabled=false, rotatable=false, mobileEmulationEnabled=false, networkConnectionEnabled=false, chrome={chromedriverVersion=2.33.506120 (e3e53437346286c0bc2d2dc9aa4915ba81d9023f), userDataDir=C:/Users/sunwin/AppData/Local/Google/Chrome/User Data}, takesHeapSnapshot=true, pageLoadStrategy=normal, databaseEnabled=false, handlesAlerts=true, hasTouchScreen=false, version=64.0.3282.167, platform=XP, browserConnectionEnabled=false, nativeEvents=true, acceptSslCerts=true, locationContextEnabled=true, webStorageEnabled=true, browserName=chrome, takesScreenshot=true, javascriptEnabled=true, cssSelectorsEnabled=true, setWindowRect=true, unexpectedAlertBehaviour=}]
Session ID: fd14833d7b28da50e4823980b61b5091
	at sun.reflect.NativeConstructorAccessorImpl.newInstance0(Native Method)
	at sun.reflect.NativeConstructorAccessorImpl.newInstance(Unknown Source)
	at sun.reflect.DelegatingConstructorAccessorImpl.newInstance(Unknown Source)
	at java.lang.reflect.Constructor.newInstance(Unknown Source)
	at org.openqa.selenium.remote.ErrorHandler.createThrowable(ErrorHandler.java:193)
	at org.openqa.selenium.remote.ErrorHandler.throwIfResponseFailed(ErrorHandler.java:145)
	at org.openqa.selenium.remote.RemoteWebDriver.execute(RemoteWebDriver.java:573)
	at org.openqa.selenium.remote.RemoteWebDriver.findElement(RemoteWebDriver.java:326)
	at org.openqa.selenium.remote.RemoteWebDriver.findElementByName(RemoteWebDriver.java:399)
	at org.openqa.selenium.By$ByName.findElement(By.java:299)
	at org.openqa.selenium.remote.RemoteWebDriver.findElement(RemoteWebDriver.java:318)
	at Test.HomePage.getUserTextField(HomePage.java:41)
	at Test.HomePage.login(HomePage.java:60)
	at Test.TestInformationcenter.newDriver(TestInformationcenter.java:33)
	at sun.reflect.NativeMethodAccessorImpl.invoke0(Native Method)
	at sun.reflect.NativeMethodAccessorImpl.invoke(Unknown Source)
	at sun.reflect.DelegatingMethodAccessorImpl.invoke(Unknown Source)
	at java.lang.reflect.Method.invoke(Unknown Source)
	at org.testng.internal.MethodInvocationHelper.invokeMethod(MethodInvocationHelper.java:84)
	at org.testng.internal.Invoker.invokeConfigurationMethod(Invoker.java:564)
	at org.testng.internal.Invoker.invokeConfigurations(Invoker.java:213)
	at org.testng.internal.Invoker.invokeMethod(Invoker.java:653)
	at org.testng.internal.Invoker.invokeTestMethod(Invoker.java:901)
	at org.testng.internal.Invoker.invokeTestMethods(Invoker.java:1231)
	at org.testng.internal.TestMethodWorker.invokeTestMethods(TestMethodWorker.java:127)
	at org.testng.internal.TestMethodWorker.run(TestMethodWorker.java:111)
	at org.testng.TestRunner.privateRun(TestRunner.java:767)
	at org.testng.TestRunner.run(TestRunner.java:617)
	at org.testng.SuiteRunner.runTest(SuiteRunner.java:334)
	at org.testng.SuiteRunner.runSequentially(SuiteRunner.java:329)
	at org.testng.SuiteRunner.privateRun(SuiteRunner.java:291)
	at org.testng.SuiteRunner.run(SuiteRunner.java:240)
	at org.testng.SuiteRunnerWorker.runSuite(SuiteRunnerWorker.java:52)
	at org.testng.SuiteRunnerWorker.run(SuiteRunnerWorker.java:86)
	at org.testng.TestNG.runSuitesSequentially(TestNG.java:1224)
	at org.testng.TestNG.runSuitesLocally(TestNG.java:1149)
	at org.testng.TestNG.run(TestNG.java:1057)
	at org.testng.remote.AbstractRemoteTestNG.run(AbstractRemoteTestNG.java:132)
	at org.testng.remote.RemoteTestNG.initAndRun(RemoteTestNG.java:236)
	at org.testng.remote.RemoteTestNG.main(RemoteTestNG.java:81)
</pre></div><a href='#' onClick='toggleBox("stack-trace9532888", this, "Click to show all stack frames", "Click to hide stack frames")'>Click to show all stack frames</a>
<div class='stack-trace' id='stack-trace9532888'><pre>org.openqa.selenium.NoSuchElementException: no such element: Unable to locate element: {&quot;method&quot;:&quot;name&quot;,&quot;selector&quot;:&quot;UserCode&quot;}
  (Session info: chrome=64.0.3282.167)
  (Driver info: chromedriver=2.33.506120 (e3e53437346286c0bc2d2dc9aa4915ba81d9023f),platform=Windows NT 6.1.7601 SP1 x86_64) (WARNING: The server did not provide any stacktrace information)
Command duration or timeout: 48 milliseconds
For documentation on this error, please visit: http://seleniumhq.org/exceptions/no_such_element.html
Build info: version: &apos;2.40.0&apos;, revision: &apos;fbe29a9&apos;, time: &apos;2014-02-19 20:55:11&apos;
System info: host: &apos;sunwin-PC&apos;, ip: &apos;192.168.100.63&apos;, os.name: &apos;Windows 7&apos;, os.arch: &apos;x86&apos;, os.version: &apos;6.1&apos;, java.version: &apos;1.8.0_151&apos;
Driver info: org.openqa.selenium.chrome.ChromeDriver
Capabilities [{applicationCacheEnabled=false, rotatable=false, mobileEmulationEnabled=false, networkConnectionEnabled=false, chrome={chromedriverVersion=2.33.506120 (e3e53437346286c0bc2d2dc9aa4915ba81d9023f), userDataDir=C:/Users/sunwin/AppData/Local/Google/Chrome/User Data}, takesHeapSnapshot=true, pageLoadStrategy=normal, databaseEnabled=false, handlesAlerts=true, hasTouchScreen=false, version=64.0.3282.167, platform=XP, browserConnectionEnabled=false, nativeEvents=true, acceptSslCerts=true, locationContextEnabled=true, webStorageEnabled=true, browserName=chrome, takesScreenshot=true, javascriptEnabled=true, cssSelectorsEnabled=true, setWindowRect=true, unexpectedAlertBehaviour=}]
Session ID: fd14833d7b28da50e4823980b61b5091
	at sun.reflect.NativeConstructorAccessorImpl.newInstance0(Native Method)
	at sun.reflect.NativeConstructorAccessorImpl.newInstance(Unknown Source)
	at sun.reflect.DelegatingConstructorAccessorImpl.newInstance(Unknown Source)
	at java.lang.reflect.Constructor.newInstance(Unknown Source)
	at org.openqa.selenium.remote.ErrorHandler.createThrowable(ErrorHandler.java:193)
	at org.openqa.selenium.remote.ErrorHandler.throwIfResponseFailed(ErrorHandler.java:145)
	at org.openqa.selenium.remote.RemoteWebDriver.execute(RemoteWebDriver.java:573)
	at org.openqa.selenium.remote.RemoteWebDriver.findElement(RemoteWebDriver.java:326)
	at org.openqa.selenium.remote.RemoteWebDriver.findElementByName(RemoteWebDriver.java:399)
	at org.openqa.selenium.By$ByName.findElement(By.java:299)
	at org.openqa.selenium.remote.RemoteWebDriver.findElement(RemoteWebDriver.java:318)
	at Test.HomePage.getUserTextField(HomePage.java:41)
	at Test.HomePage.login(HomePage.java:60)
	at Test.TestInformationcenter.newDriver(TestInformationcenter.java:33)
	at sun.reflect.NativeMethodAccessorImpl.invoke0(Native Method)
	at sun.reflect.NativeMethodAccessorImpl.invoke(Unknown Source)
	at sun.reflect.DelegatingMethodAccessorImpl.invoke(Unknown Source)
	at java.lang.reflect.Method.invoke(Unknown Source)
	at org.testng.internal.MethodInvocationHelper.invokeMethod(MethodInvocationHelper.java:84)
	at org.testng.internal.Invoker.invokeConfigurationMethod(Invoker.java:564)
	at org.testng.internal.Invoker.invokeConfigurations(Invoker.java:213)
	at org.testng.internal.Invoker.invokeMethod(Invoker.java:653)
	at org.testng.internal.Invoker.invokeTestMethod(Invoker.java:901)
	at org.testng.internal.Invoker.invokeTestMethods(Invoker.java:1231)
	at org.testng.internal.TestMethodWorker.invokeTestMethods(TestMethodWorker.java:127)
	at org.testng.internal.TestMethodWorker.run(TestMethodWorker.java:111)
	at org.testng.TestRunner.privateRun(TestRunner.java:767)
	at org.testng.TestRunner.run(TestRunner.java:617)
	at org.testng.SuiteRunner.runTest(SuiteRunner.java:334)
	at org.testng.SuiteRunner.runSequentially(SuiteRunner.java:329)
	at org.testng.SuiteRunner.privateRun(SuiteRunner.java:291)
	at org.testng.SuiteRunner.run(SuiteRunner.java:240)
	at org.testng.SuiteRunnerWorker.runSuite(SuiteRunnerWorker.java:52)
	at org.testng.SuiteRunnerWorker.run(SuiteRunnerWorker.java:86)
	at org.testng.TestNG.runSuitesSequentially(TestNG.java:1224)
	at org.testng.TestNG.runSuitesLocally(TestNG.java:1149)
	at org.testng.TestNG.run(TestNG.java:1057)
	at org.testng.remote.AbstractRemoteTestNG.run(AbstractRemoteTestNG.java:132)
	at org.testng.remote.RemoteTestNG.initAndRun(RemoteTestNG.java:236)
	at org.testng.remote.RemoteTestNG.main(RemoteTestNG.java:81)
</pre></div></td>
<td>0</td>
<td>Test.TestInformationcenter@18ad742</td></tr>
</table><p>
<table width='100%' border='1' class='invocation-skipped'>
<tr><td colspan='4' align='center'><b>SKIPPED CONFIGURATIONS</b></td></tr>
<tr><td><b>Test method</b></td>
<td width="30%"><b>Exception</b></td>
<td width="10%"><b>Time (seconds)</b></td>
<td><b>Instance</b></td>
</tr>
<tr>
<td title='Test.TestInformationcenter.newDriver()'><b>newDriver</b><br>Test class: Test.TestInformationcenter</td>
<td></td>
<td>0</td>
<td>Test.TestInformationcenter@18ad742</td></tr>
<tr>
<td title='Test.TestInformationcenter.newDriver()'><b>newDriver</b><br>Test class: Test.TestInformationcenter</td>
<td></td>
<td>0</td>
<td>Test.TestInformationcenter@18ad742</td></tr>
<tr>
<td title='Test.TestInformationcenter.newDriver()'><b>newDriver</b><br>Test class: Test.TestInformationcenter</td>
<td></td>
<td>0</td>
<td>Test.TestInformationcenter@18ad742</td></tr>
<tr>
<td title='Test.TestInformationcenter.newDriver()'><b>newDriver</b><br>Test class: Test.TestInformationcenter</td>
<td></td>
<td>0</td>
<td>Test.TestInformationcenter@18ad742</td></tr>
<tr>
<td title='Test.TestInformationcenter.newDriver()'><b>newDriver</b><br>Test class: Test.TestInformationcenter</td>
<td></td>
<td>0</td>
<td>Test.TestInformationcenter@18ad742</td></tr>
<tr>
<td title='Test.TestInformationcenter.newDriver()'><b>newDriver</b><br>Test class: Test.TestInformationcenter</td>
<td></td>
<td>0</td>
<td>Test.TestInformationcenter@18ad742</td></tr>
<tr>
<td title='Test.TestInformationcenter.newDriver()'><b>newDriver</b><br>Test class: Test.TestInformationcenter</td>
<td></td>
<td>0</td>
<td>Test.TestInformationcenter@18ad742</td></tr>
<tr>
<td title='Test.TestInformationcenter.newDriver()'><b>newDriver</b><br>Test class: Test.TestInformationcenter</td>
<td></td>
<td>0</td>
<td>Test.TestInformationcenter@18ad742</td></tr>
<tr>
<td title='Test.TestInformationcenter.newDriver()'><b>newDriver</b><br>Test class: Test.TestInformationcenter</td>
<td></td>
<td>0</td>
<td>Test.TestInformationcenter@18ad742</td></tr>
<tr>
<td title='Test.TestInformationcenter.newDriver()'><b>newDriver</b><br>Test class: Test.TestInformationcenter</td>
<td></td>
<td>0</td>
<td>Test.TestInformationcenter@18ad742</td></tr>
<tr>
<td title='Test.TestInformationcenter.newDriver()'><b>newDriver</b><br>Test class: Test.TestInformationcenter</td>
<td></td>
<td>0</td>
<td>Test.TestInformationcenter@18ad742</td></tr>
<tr>
<td title='Test.TestInformationcenter.newDriver()'><b>newDriver</b><br>Test class: Test.TestInformationcenter</td>
<td></td>
<td>0</td>
<td>Test.TestInformationcenter@18ad742</td></tr>
<tr>
<td title='Test.TestInformationcenter.newDriver()'><b>newDriver</b><br>Test class: Test.TestInformationcenter</td>
<td></td>
<td>0</td>
<td>Test.TestInformationcenter@18ad742</td></tr>
<tr>
<td title='Test.TestInformationcenter.newDriver()'><b>newDriver</b><br>Test class: Test.TestInformationcenter</td>
<td></td>
<td>0</td>
<td>Test.TestInformationcenter@18ad742</td></tr>
<tr>
<td title='Test.TestInformationcenter.newDriver()'><b>newDriver</b><br>Test class: Test.TestInformationcenter</td>
<td></td>
<td>0</td>
<td>Test.TestInformationcenter@18ad742</td></tr>
<tr>
<td title='Test.TestInformationcenter.newDriver()'><b>newDriver</b><br>Test class: Test.TestInformationcenter</td>
<td></td>
<td>0</td>
<td>Test.TestInformationcenter@18ad742</td></tr>
<tr>
<td title='Test.TestInformationcenter.newDriver()'><b>newDriver</b><br>Test class: Test.TestInformationcenter</td>
<td></td>
<td>0</td>
<td>Test.TestInformationcenter@18ad742</td></tr>
<tr>
<td title='Test.TestInformationcenter.newDriver()'><b>newDriver</b><br>Test class: Test.TestInformationcenter</td>
<td></td>
<td>0</td>
<td>Test.TestInformationcenter@18ad742</td></tr>
<tr>
<td title='Test.TestInformationcenter.newDriver()'><b>newDriver</b><br>Test class: Test.TestInformationcenter</td>
<td></td>
<td>0</td>
<td>Test.TestInformationcenter@18ad742</td></tr>
<tr>
<td title='Test.TestInformationcenter.driverEnd()'><b>driverEnd</b><br>Test class: Test.TestInformationcenter</td>
<td></td>
<td>0</td>
<td>Test.TestInformationcenter@18ad742</td></tr>
<tr>
<td title='Test.TestInformationcenter.driverEnd()'><b>driverEnd</b><br>Test class: Test.TestInformationcenter</td>
<td></td>
<td>0</td>
<td>Test.TestInformationcenter@18ad742</td></tr>
<tr>
<td title='Test.TestInformationcenter.driverEnd()'><b>driverEnd</b><br>Test class: Test.TestInformationcenter</td>
<td></td>
<td>0</td>
<td>Test.TestInformationcenter@18ad742</td></tr>
<tr>
<td title='Test.TestInformationcenter.driverEnd()'><b>driverEnd</b><br>Test class: Test.TestInformationcenter</td>
<td></td>
<td>0</td>
<td>Test.TestInformationcenter@18ad742</td></tr>
<tr>
<td title='Test.TestInformationcenter.driverEnd()'><b>driverEnd</b><br>Test class: Test.TestInformationcenter</td>
<td></td>
<td>0</td>
<td>Test.TestInformationcenter@18ad742</td></tr>
<tr>
<td title='Test.TestInformationcenter.driverEnd()'><b>driverEnd</b><br>Test class: Test.TestInformationcenter</td>
<td></td>
<td>0</td>
<td>Test.TestInformationcenter@18ad742</td></tr>
<tr>
<td title='Test.TestInformationcenter.driverEnd()'><b>driverEnd</b><br>Test class: Test.TestInformationcenter</td>
<td></td>
<td>0</td>
<td>Test.TestInformationcenter@18ad742</td></tr>
<tr>
<td title='Test.TestInformationcenter.driverEnd()'><b>driverEnd</b><br>Test class: Test.TestInformationcenter</td>
<td></td>
<td>0</td>
<td>Test.TestInformationcenter@18ad742</td></tr>
<tr>
<td title='Test.TestInformationcenter.driverEnd()'><b>driverEnd</b><br>Test class: Test.TestInformationcenter</td>
<td></td>
<td>0</td>
<td>Test.TestInformationcenter@18ad742</td></tr>
<tr>
<td title='Test.TestInformationcenter.driverEnd()'><b>driverEnd</b><br>Test class: Test.TestInformationcenter</td>
<td></td>
<td>0</td>
<td>Test.TestInformationcenter@18ad742</td></tr>
<tr>
<td title='Test.TestInformationcenter.driverEnd()'><b>driverEnd</b><br>Test class: Test.TestInformationcenter</td>
<td></td>
<td>0</td>
<td>Test.TestInformationcenter@18ad742</td></tr>
<tr>
<td title='Test.TestInformationcenter.driverEnd()'><b>driverEnd</b><br>Test class: Test.TestInformationcenter</td>
<td></td>
<td>0</td>
<td>Test.TestInformationcenter@18ad742</td></tr>
<tr>
<td title='Test.TestInformationcenter.driverEnd()'><b>driverEnd</b><br>Test class: Test.TestInformationcenter</td>
<td></td>
<td>0</td>
<td>Test.TestInformationcenter@18ad742</td></tr>
<tr>
<td title='Test.TestInformationcenter.driverEnd()'><b>driverEnd</b><br>Test class: Test.TestInformationcenter</td>
<td></td>
<td>0</td>
<td>Test.TestInformationcenter@18ad742</td></tr>
<tr>
<td title='Test.TestInformationcenter.driverEnd()'><b>driverEnd</b><br>Test class: Test.TestInformationcenter</td>
<td></td>
<td>0</td>
<td>Test.TestInformationcenter@18ad742</td></tr>
<tr>
<td title='Test.TestInformationcenter.driverEnd()'><b>driverEnd</b><br>Test class: Test.TestInformationcenter</td>
<td></td>
<td>0</td>
<td>Test.TestInformationcenter@18ad742</td></tr>
<tr>
<td title='Test.TestInformationcenter.driverEnd()'><b>driverEnd</b><br>Test class: Test.TestInformationcenter</td>
<td></td>
<td>0</td>
<td>Test.TestInformationcenter@18ad742</td></tr>
<tr>
<td title='Test.TestInformationcenter.driverEnd()'><b>driverEnd</b><br>Test class: Test.TestInformationcenter</td>
<td></td>
<td>0</td>
<td>Test.TestInformationcenter@18ad742</td></tr>
<tr>
<td title='Test.TestInformationcenter.driverEnd()'><b>driverEnd</b><br>Test class: Test.TestInformationcenter</td>
<td></td>
<td>0</td>
<td>Test.TestInformationcenter@18ad742</td></tr>
<tr>
<td title='Test.TestInformationcenter.driverEnd()'><b>driverEnd</b><br>Test class: Test.TestInformationcenter</td>
<td></td>
<td>0</td>
<td>Test.TestInformationcenter@18ad742</td></tr>
</table><p>
<table width='100%' border='1' class='invocation-failed'>
<tr><td colspan='4' align='center'><b>FAILED TESTS</b></td></tr>
<tr><td><b>Test method</b></td>
<td width="30%"><b>Exception</b></td>
<td width="10%"><b>Time (seconds)</b></td>
<td><b>Instance</b></td>
</tr>
<tr>
<td title='Test.TestInformationcenter.testAirportDataFourCodeInquire()'><b>testAirportDataFourCodeInquire</b><br>Test class: Test.TestInformationcenter</td>
<td><div><pre>java.lang.AssertionError
	at org.junit.Assert.fail(Assert.java:86)
	at org.junit.Assert.assertTrue(Assert.java:41)
	at org.junit.Assert.assertTrue(Assert.java:52)
	at Test.TestInformationcenter.testAirportDataFourCodeInquire(TestInformationcenter.java:100)
	at sun.reflect.NativeMethodAccessorImpl.invoke0(Native Method)
	at sun.reflect.NativeMethodAccessorImpl.invoke(Unknown Source)
	at sun.reflect.DelegatingMethodAccessorImpl.invoke(Unknown Source)
	at java.lang.reflect.Method.invoke(Unknown Source)
	at org.testng.internal.MethodInvocationHelper.invokeMethod(MethodInvocationHelper.java:84)
	at org.testng.internal.Invoker.invokeMethod(Invoker.java:714)
	at org.testng.internal.Invoker.invokeTestMethod(Invoker.java:901)
	at org.testng.internal.Invoker.invokeTestMethods(Invoker.java:1231)
	at org.testng.internal.TestMethodWorker.invokeTestMethods(TestMethodWorker.java:127)
	at org.testng.internal.TestMethodWorker.run(TestMethodWorker.java:111)
	at org.testng.TestRunner.privateRun(TestRunner.java:767)
	at org.testng.TestRunner.run(TestRunner.java:617)
	at org.testng.SuiteRunner.runTest(SuiteRunner.java:334)
	at org.testng.SuiteRunner.runSequentially(SuiteRunner.java:329)
	at org.testng.SuiteRunner.privateRun(SuiteRunner.java:291)
	at org.testng.SuiteRunner.run(SuiteRunner.java:240)
	at org.testng.SuiteRunnerWorker.runSuite(SuiteRunnerWorker.java:52)
	at org.testng.SuiteRunnerWorker.run(SuiteRunnerWorker.java:86)
	at org.testng.TestNG.runSuitesSequentially(TestNG.java:1224)
	at org.testng.TestNG.runSuitesLocally(TestNG.java:1149)
	at org.testng.TestNG.run(TestNG.java:1057)
	at org.testng.remote.AbstractRemoteTestNG.run(AbstractRemoteTestNG.java:132)
	at org.testng.remote.RemoteTestNG.initAndRun(RemoteTestNG.java:236)
	at org.testng.remote.RemoteTestNG.main(RemoteTestNG.java:81)
</pre></div><a href='#' onClick='toggleBox("stack-trace15334809", this, "Click to show all stack frames", "Click to hide stack frames")'>Click to show all stack frames</a>
<div class='stack-trace' id='stack-trace15334809'><pre>java.lang.AssertionError
	at org.junit.Assert.fail(Assert.java:86)
	at org.junit.Assert.assertTrue(Assert.java:41)
	at org.junit.Assert.assertTrue(Assert.java:52)
	at Test.TestInformationcenter.testAirportDataFourCodeInquire(TestInformationcenter.java:100)
	at sun.reflect.NativeMethodAccessorImpl.invoke0(Native Method)
	at sun.reflect.NativeMethodAccessorImpl.invoke(Unknown Source)
	at sun.reflect.DelegatingMethodAccessorImpl.invoke(Unknown Source)
	at java.lang.reflect.Method.invoke(Unknown Source)
	at org.testng.internal.MethodInvocationHelper.invokeMethod(MethodInvocationHelper.java:84)
	at org.testng.internal.Invoker.invokeMethod(Invoker.java:714)
	at org.testng.internal.Invoker.invokeTestMethod(Invoker.java:901)
	at org.testng.internal.Invoker.invokeTestMethods(Invoker.java:1231)
	at org.testng.internal.TestMethodWorker.invokeTestMethods(TestMethodWorker.java:127)
	at org.testng.internal.TestMethodWorker.run(TestMethodWorker.java:111)
	at org.testng.TestRunner.privateRun(TestRunner.java:767)
	at org.testng.TestRunner.run(TestRunner.java:617)
	at org.testng.SuiteRunner.runTest(SuiteRunner.java:334)
	at org.testng.SuiteRunner.runSequentially(SuiteRunner.java:329)
	at org.testng.SuiteRunner.privateRun(SuiteRunner.java:291)
	at org.testng.SuiteRunner.run(SuiteRunner.java:240)
	at org.testng.SuiteRunnerWorker.runSuite(SuiteRunnerWorker.java:52)
	at org.testng.SuiteRunnerWorker.run(SuiteRunnerWorker.java:86)
	at org.testng.TestNG.runSuitesSequentially(TestNG.java:1224)
	at org.testng.TestNG.runSuitesLocally(TestNG.java:1149)
	at org.testng.TestNG.run(TestNG.java:1057)
	at org.testng.remote.AbstractRemoteTestNG.run(AbstractRemoteTestNG.java:132)
	at org.testng.remote.RemoteTestNG.initAndRun(RemoteTestNG.java:236)
	at org.testng.remote.RemoteTestNG.main(RemoteTestNG.java:81)
</pre></div></td>
<td>21</td>
<td>Test.TestInformationcenter@18ad742</td></tr>
<tr>
<td title='Test.TestInformationcenter.testEndAirportInquire()'><b>testEndAirportInquire</b><br>Test class: Test.TestInformationcenter</td>
<td><div><pre>java.lang.AssertionError
	at org.junit.Assert.fail(Assert.java:86)
	at org.junit.Assert.assertTrue(Assert.java:41)
	at org.junit.Assert.assertTrue(Assert.java:52)
	at Test.TestInformationcenter.testEndAirportInquire(TestInformationcenter.java:201)
	at sun.reflect.NativeMethodAccessorImpl.invoke0(Native Method)
	at sun.reflect.NativeMethodAccessorImpl.invoke(Unknown Source)
	at sun.reflect.DelegatingMethodAccessorImpl.invoke(Unknown Source)
	at java.lang.reflect.Method.invoke(Unknown Source)
	at org.testng.internal.MethodInvocationHelper.invokeMethod(MethodInvocationHelper.java:84)
	at org.testng.internal.Invoker.invokeMethod(Invoker.java:714)
	at org.testng.internal.Invoker.invokeTestMethod(Invoker.java:901)
	at org.testng.internal.Invoker.invokeTestMethods(Invoker.java:1231)
	at org.testng.internal.TestMethodWorker.invokeTestMethods(TestMethodWorker.java:127)
	at org.testng.internal.TestMethodWorker.run(TestMethodWorker.java:111)
	at org.testng.TestRunner.privateRun(TestRunner.java:767)
	at org.testng.TestRunner.run(TestRunner.java:617)
	at org.testng.SuiteRunner.runTest(SuiteRunner.java:334)
	at org.testng.SuiteRunner.runSequentially(SuiteRunner.java:329)
	at org.testng.SuiteRunner.privateRun(SuiteRunner.java:291)
	at org.testng.SuiteRunner.run(SuiteRunner.java:240)
	at org.testng.SuiteRunnerWorker.runSuite(SuiteRunnerWorker.java:52)
	at org.testng.SuiteRunnerWorker.run(SuiteRunnerWorker.java:86)
	at org.testng.TestNG.runSuitesSequentially(TestNG.java:1224)
	at org.testng.TestNG.runSuitesLocally(TestNG.java:1149)
	at org.testng.TestNG.run(TestNG.java:1057)
	at org.testng.remote.AbstractRemoteTestNG.run(AbstractRemoteTestNG.java:132)
	at org.testng.remote.RemoteTestNG.initAndRun(RemoteTestNG.java:236)
	at org.testng.remote.RemoteTestNG.main(RemoteTestNG.java:81)
</pre></div><a href='#' onClick='toggleBox("stack-trace33016375", this, "Click to show all stack frames", "Click to hide stack frames")'>Click to show all stack frames</a>
<div class='stack-trace' id='stack-trace33016375'><pre>java.lang.AssertionError
	at org.junit.Assert.fail(Assert.java:86)
	at org.junit.Assert.assertTrue(Assert.java:41)
	at org.junit.Assert.assertTrue(Assert.java:52)
	at Test.TestInformationcenter.testEndAirportInquire(TestInformationcenter.java:201)
	at sun.reflect.NativeMethodAccessorImpl.invoke0(Native Method)
	at sun.reflect.NativeMethodAccessorImpl.invoke(Unknown Source)
	at sun.reflect.DelegatingMethodAccessorImpl.invoke(Unknown Source)
	at java.lang.reflect.Method.invoke(Unknown Source)
	at org.testng.internal.MethodInvocationHelper.invokeMethod(MethodInvocationHelper.java:84)
	at org.testng.internal.Invoker.invokeMethod(Invoker.java:714)
	at org.testng.internal.Invoker.invokeTestMethod(Invoker.java:901)
	at org.testng.internal.Invoker.invokeTestMethods(Invoker.java:1231)
	at org.testng.internal.TestMethodWorker.invokeTestMethods(TestMethodWorker.java:127)
	at org.testng.internal.TestMethodWorker.run(TestMethodWorker.java:111)
	at org.testng.TestRunner.privateRun(TestRunner.java:767)
	at org.testng.TestRunner.run(TestRunner.java:617)
	at org.testng.SuiteRunner.runTest(SuiteRunner.java:334)
	at org.testng.SuiteRunner.runSequentially(SuiteRunner.java:329)
	at org.testng.SuiteRunner.privateRun(SuiteRunner.java:291)
	at org.testng.SuiteRunner.run(SuiteRunner.java:240)
	at org.testng.SuiteRunnerWorker.runSuite(SuiteRunnerWorker.java:52)
	at org.testng.SuiteRunnerWorker.run(SuiteRunnerWorker.java:86)
	at org.testng.TestNG.runSuitesSequentially(TestNG.java:1224)
	at org.testng.TestNG.runSuitesLocally(TestNG.java:1149)
	at org.testng.TestNG.run(TestNG.java:1057)
	at org.testng.remote.AbstractRemoteTestNG.run(AbstractRemoteTestNG.java:132)
	at org.testng.remote.RemoteTestNG.initAndRun(RemoteTestNG.java:236)
	at org.testng.remote.RemoteTestNG.main(RemoteTestNG.java:81)
</pre></div></td>
<td>22</td>
<td>Test.TestInformationcenter@18ad742</td></tr>
<tr>
<td title='Test.TestInformationcenter.testInquireDateFlyTime()'><b>testInquireDateFlyTime</b><br>Test class: Test.TestInformationcenter</td>
<td><div><pre>java.lang.AssertionError
	at org.junit.Assert.fail(Assert.java:86)
	at org.junit.Assert.assertTrue(Assert.java:41)
	at org.junit.Assert.assertTrue(Assert.java:52)
	at Test.TestInformationcenter.testInquireDateFlyTime(TestInformationcenter.java:374)
	at sun.reflect.NativeMethodAccessorImpl.invoke0(Native Method)
	at sun.reflect.NativeMethodAccessorImpl.invoke(Unknown Source)
	at sun.reflect.DelegatingMethodAccessorImpl.invoke(Unknown Source)
	at java.lang.reflect.Method.invoke(Unknown Source)
	at org.testng.internal.MethodInvocationHelper.invokeMethod(MethodInvocationHelper.java:84)
	at org.testng.internal.Invoker.invokeMethod(Invoker.java:714)
	at org.testng.internal.Invoker.invokeTestMethod(Invoker.java:901)
	at org.testng.internal.Invoker.invokeTestMethods(Invoker.java:1231)
	at org.testng.internal.TestMethodWorker.invokeTestMethods(TestMethodWorker.java:127)
	at org.testng.internal.TestMethodWorker.run(TestMethodWorker.java:111)
	at org.testng.TestRunner.privateRun(TestRunner.java:767)
	at org.testng.TestRunner.run(TestRunner.java:617)
	at org.testng.SuiteRunner.runTest(SuiteRunner.java:334)
	at org.testng.SuiteRunner.runSequentially(SuiteRunner.java:329)
	at org.testng.SuiteRunner.privateRun(SuiteRunner.java:291)
	at org.testng.SuiteRunner.run(SuiteRunner.java:240)
	at org.testng.SuiteRunnerWorker.runSuite(SuiteRunnerWorker.java:52)
	at org.testng.SuiteRunnerWorker.run(SuiteRunnerWorker.java:86)
	at org.testng.TestNG.runSuitesSequentially(TestNG.java:1224)
	at org.testng.TestNG.runSuitesLocally(TestNG.java:1149)
	at org.testng.TestNG.run(TestNG.java:1057)
	at org.testng.remote.AbstractRemoteTestNG.run(AbstractRemoteTestNG.java:132)
	at org.testng.remote.RemoteTestNG.initAndRun(RemoteTestNG.java:236)
	at org.testng.remote.RemoteTestNG.main(RemoteTestNG.java:81)
</pre></div><a href='#' onClick='toggleBox("stack-trace21340917", this, "Click to show all stack frames", "Click to hide stack frames")'>Click to show all stack frames</a>
<div class='stack-trace' id='stack-trace21340917'><pre>java.lang.AssertionError
	at org.junit.Assert.fail(Assert.java:86)
	at org.junit.Assert.assertTrue(Assert.java:41)
	at org.junit.Assert.assertTrue(Assert.java:52)
	at Test.TestInformationcenter.testInquireDateFlyTime(TestInformationcenter.java:374)
	at sun.reflect.NativeMethodAccessorImpl.invoke0(Native Method)
	at sun.reflect.NativeMethodAccessorImpl.invoke(Unknown Source)
	at sun.reflect.DelegatingMethodAccessorImpl.invoke(Unknown Source)
	at java.lang.reflect.Method.invoke(Unknown Source)
	at org.testng.internal.MethodInvocationHelper.invokeMethod(MethodInvocationHelper.java:84)
	at org.testng.internal.Invoker.invokeMethod(Invoker.java:714)
	at org.testng.internal.Invoker.invokeTestMethod(Invoker.java:901)
	at org.testng.internal.Invoker.invokeTestMethods(Invoker.java:1231)
	at org.testng.internal.TestMethodWorker.invokeTestMethods(TestMethodWorker.java:127)
	at org.testng.internal.TestMethodWorker.run(TestMethodWorker.java:111)
	at org.testng.TestRunner.privateRun(TestRunner.java:767)
	at org.testng.TestRunner.run(TestRunner.java:617)
	at org.testng.SuiteRunner.runTest(SuiteRunner.java:334)
	at org.testng.SuiteRunner.runSequentially(SuiteRunner.java:329)
	at org.testng.SuiteRunner.privateRun(SuiteRunner.java:291)
	at org.testng.SuiteRunner.run(SuiteRunner.java:240)
	at org.testng.SuiteRunnerWorker.runSuite(SuiteRunnerWorker.java:52)
	at org.testng.SuiteRunnerWorker.run(SuiteRunnerWorker.java:86)
	at org.testng.TestNG.runSuitesSequentially(TestNG.java:1224)
	at org.testng.TestNG.runSuitesLocally(TestNG.java:1149)
	at org.testng.TestNG.run(TestNG.java:1057)
	at org.testng.remote.AbstractRemoteTestNG.run(AbstractRemoteTestNG.java:132)
	at org.testng.remote.RemoteTestNG.initAndRun(RemoteTestNG.java:236)
	at org.testng.remote.RemoteTestNG.main(RemoteTestNG.java:81)
</pre></div></td>
<td>36</td>
<td>Test.TestInformationcenter@18ad742</td></tr>
<tr>
<td title='Test.TestInformationcenter.testInquireFlightCharacteristic()'><b>testInquireFlightCharacteristic</b><br>Test class: Test.TestInformationcenter</td>
<td><div><pre>java.lang.AssertionError
	at org.junit.Assert.fail(Assert.java:86)
	at org.junit.Assert.assertTrue(Assert.java:41)
	at org.junit.Assert.assertTrue(Assert.java:52)
	at Test.TestInformationcenter.testInquireFlightCharacteristic(TestInformationcenter.java:227)
	at sun.reflect.NativeMethodAccessorImpl.invoke0(Native Method)
	at sun.reflect.NativeMethodAccessorImpl.invoke(Unknown Source)
	at sun.reflect.DelegatingMethodAccessorImpl.invoke(Unknown Source)
	at java.lang.reflect.Method.invoke(Unknown Source)
	at org.testng.internal.MethodInvocationHelper.invokeMethod(MethodInvocationHelper.java:84)
	at org.testng.internal.Invoker.invokeMethod(Invoker.java:714)
	at org.testng.internal.Invoker.invokeTestMethod(Invoker.java:901)
	at org.testng.internal.Invoker.invokeTestMethods(Invoker.java:1231)
	at org.testng.internal.TestMethodWorker.invokeTestMethods(TestMethodWorker.java:127)
	at org.testng.internal.TestMethodWorker.run(TestMethodWorker.java:111)
	at org.testng.TestRunner.privateRun(TestRunner.java:767)
	at org.testng.TestRunner.run(TestRunner.java:617)
	at org.testng.SuiteRunner.runTest(SuiteRunner.java:334)
	at org.testng.SuiteRunner.runSequentially(SuiteRunner.java:329)
	at org.testng.SuiteRunner.privateRun(SuiteRunner.java:291)
	at org.testng.SuiteRunner.run(SuiteRunner.java:240)
	at org.testng.SuiteRunnerWorker.runSuite(SuiteRunnerWorker.java:52)
	at org.testng.SuiteRunnerWorker.run(SuiteRunnerWorker.java:86)
	at org.testng.TestNG.runSuitesSequentially(TestNG.java:1224)
	at org.testng.TestNG.runSuitesLocally(TestNG.java:1149)
	at org.testng.TestNG.run(TestNG.java:1057)
	at org.testng.remote.AbstractRemoteTestNG.run(AbstractRemoteTestNG.java:132)
	at org.testng.remote.RemoteTestNG.initAndRun(RemoteTestNG.java:236)
	at org.testng.remote.RemoteTestNG.main(RemoteTestNG.java:81)
</pre></div><a href='#' onClick='toggleBox("stack-trace24683646", this, "Click to show all stack frames", "Click to hide stack frames")'>Click to show all stack frames</a>
<div class='stack-trace' id='stack-trace24683646'><pre>java.lang.AssertionError
	at org.junit.Assert.fail(Assert.java:86)
	at org.junit.Assert.assertTrue(Assert.java:41)
	at org.junit.Assert.assertTrue(Assert.java:52)
	at Test.TestInformationcenter.testInquireFlightCharacteristic(TestInformationcenter.java:227)
	at sun.reflect.NativeMethodAccessorImpl.invoke0(Native Method)
	at sun.reflect.NativeMethodAccessorImpl.invoke(Unknown Source)
	at sun.reflect.DelegatingMethodAccessorImpl.invoke(Unknown Source)
	at java.lang.reflect.Method.invoke(Unknown Source)
	at org.testng.internal.MethodInvocationHelper.invokeMethod(MethodInvocationHelper.java:84)
	at org.testng.internal.Invoker.invokeMethod(Invoker.java:714)
	at org.testng.internal.Invoker.invokeTestMethod(Invoker.java:901)
	at org.testng.internal.Invoker.invokeTestMethods(Invoker.java:1231)
	at org.testng.internal.TestMethodWorker.invokeTestMethods(TestMethodWorker.java:127)
	at org.testng.internal.TestMethodWorker.run(TestMethodWorker.java:111)
	at org.testng.TestRunner.privateRun(TestRunner.java:767)
	at org.testng.TestRunner.run(TestRunner.java:617)
	at org.testng.SuiteRunner.runTest(SuiteRunner.java:334)
	at org.testng.SuiteRunner.runSequentially(SuiteRunner.java:329)
	at org.testng.SuiteRunner.privateRun(SuiteRunner.java:291)
	at org.testng.SuiteRunner.run(SuiteRunner.java:240)
	at org.testng.SuiteRunnerWorker.runSuite(SuiteRunnerWorker.java:52)
	at org.testng.SuiteRunnerWorker.run(SuiteRunnerWorker.java:86)
	at org.testng.TestNG.runSuitesSequentially(TestNG.java:1224)
	at org.testng.TestNG.runSuitesLocally(TestNG.java:1149)
	at org.testng.TestNG.run(TestNG.java:1057)
	at org.testng.remote.AbstractRemoteTestNG.run(AbstractRemoteTestNG.java:132)
	at org.testng.remote.RemoteTestNG.initAndRun(RemoteTestNG.java:236)
	at org.testng.remote.RemoteTestNG.main(RemoteTestNG.java:81)
</pre></div></td>
<td>16</td>
<td>Test.TestInformationcenter@18ad742</td></tr>
</table><p>
<table width='100%' border='1' class='invocation-passed'>
<tr><td colspan='4' align='center'><b>PASSED TESTS</b></td></tr>
<tr><td><b>Test method</b></td>
<td width="30%"><b>Exception</b></td>
<td width="10%"><b>Time (seconds)</b></td>
<td><b>Instance</b></td>
</tr>
<tr>
<td title='Test.TestInformationcenter.testAirportData()'><b>testAirportData</b><br>Test class: Test.TestInformationcenter</td>
<td></td>
<td>15</td>
<td>Test.TestInformationcenter@18ad742</td></tr>
<tr>
<td title='Test.TestInformationcenter.testAirportInformation()'><b>testAirportInformation</b><br>Test class: Test.TestInformationcenter</td>
<td></td>
<td>15</td>
<td>Test.TestInformationcenter@18ad742</td></tr>
<tr>
<td title='Test.TestInformationcenter.testFlightCharacteristic()'><b>testFlightCharacteristic</b><br>Test class: Test.TestInformationcenter</td>
<td></td>
<td>15</td>
<td>Test.TestInformationcenter@18ad742</td></tr>
<tr>
<td title='Test.TestInformationcenter.testFlightData()'><b>testFlightData</b><br>Test class: Test.TestInformationcenter</td>
<td></td>
<td>15</td>
<td>Test.TestInformationcenter@18ad742</td></tr>
<tr>
<td title='Test.TestInformationcenter.testFlightchange()'><b>testFlightchange</b><br>Test class: Test.TestInformationcenter</td>
<td></td>
<td>15</td>
<td>Test.TestInformationcenter@18ad742</td></tr>
<tr>
<td title='Test.TestInformationcenter.testFlyPlan()'><b>testFlyPlan</b><br>Test class: Test.TestInformationcenter</td>
<td></td>
<td>15</td>
<td>Test.TestInformationcenter@18ad742</td></tr>
<tr>
<td title='Test.TestInformationcenter.testFlyTime()'><b>testFlyTime</b><br>Test class: Test.TestInformationcenter</td>
<td></td>
<td>15</td>
<td>Test.TestInformationcenter@18ad742</td></tr>
<tr>
<td title='Test.TestInformationcenter.testFourCodeInquire()'><b>testFourCodeInquire</b><br>Test class: Test.TestInformationcenter</td>
<td></td>
<td>21</td>
<td>Test.TestInformationcenter@18ad742</td></tr>
<tr>
<td title='Test.TestInformationcenter.testInquireDateFlyPlan()'><b>testInquireDateFlyPlan</b><br>Test class: Test.TestInformationcenter</td>
<td></td>
<td>40</td>
<td>Test.TestInformationcenter@18ad742</td></tr>
</table><p>
<table width='100%' border='1' class='invocation-skipped'>
<tr><td colspan='4' align='center'><b>SKIPPED TESTS</b></td></tr>
<tr><td><b>Test method</b></td>
<td width="30%"><b>Exception</b></td>
<td width="10%"><b>Time (seconds)</b></td>
<td><b>Instance</b></td>
</tr>
<tr>
<td title='Test.TestInformationcenter.testInquireFlightDate()'><b>testInquireFlightDate</b><br>Test class: Test.TestInformationcenter</td>
<td></td>
<td>0</td>
<td>Test.TestInformationcenter@18ad742</td></tr>
<tr>
<td title='Test.TestInformationcenter.testInquireFlightDateReservationInformation()'><b>testInquireFlightDateReservationInformation</b><br>Test class: Test.TestInformationcenter</td>
<td></td>
<td>0</td>
<td>Test.TestInformationcenter@18ad742</td></tr>
<tr>
<td title='Test.TestInformationcenter.testInquireFlightNo()'><b>testInquireFlightNo</b><br>Test class: Test.TestInformationcenter</td>
<td></td>
<td>0</td>
<td>Test.TestInformationcenter@18ad742</td></tr>
<tr>
<td title='Test.TestInformationcenter.testInquireFlightNoFlyPlan()'><b>testInquireFlightNoFlyPlan</b><br>Test class: Test.TestInformationcenter</td>
<td></td>
<td>0</td>
<td>Test.TestInformationcenter@18ad742</td></tr>
<tr>
<td title='Test.TestInformationcenter.testInquireFlightNoReservationInformation()'><b>testInquireFlightNoReservationInformation</b><br>Test class: Test.TestInformationcenter</td>
<td></td>
<td>0</td>
<td>Test.TestInformationcenter@18ad742</td></tr>
<tr>
<td title='Test.TestInformationcenter.testInquireNameFlyPlan()'><b>testInquireNameFlyPlan</b><br>Test class: Test.TestInformationcenter</td>
<td></td>
<td>0</td>
<td>Test.TestInformationcenter@18ad742</td></tr>
<tr>
<td title='Test.TestInformationcenter.testInquireNameFlyTime()'><b>testInquireNameFlyTime</b><br>Test class: Test.TestInformationcenter</td>
<td></td>
<td>0</td>
<td>Test.TestInformationcenter@18ad742</td></tr>
<tr>
<td title='Test.TestInformationcenter.testInquirePlaneNo()'><b>testInquirePlaneNo</b><br>Test class: Test.TestInformationcenter</td>
<td></td>
<td>0</td>
<td>Test.TestInformationcenter@18ad742</td></tr>
<tr>
<td title='Test.TestInformationcenter.testInquireReadyInformation()'><b>testInquireReadyInformation</b><br>Test class: Test.TestInformationcenter</td>
<td></td>
<td>0</td>
<td>Test.TestInformationcenter@18ad742</td></tr>
<tr>
<td title='Test.TestInformationcenter.testInquireWeaterInformation()'><b>testInquireWeaterInformation</b><br>Test class: Test.TestInformationcenter</td>
<td></td>
<td>0</td>
<td>Test.TestInformationcenter@18ad742</td></tr>
<tr>
<td title='Test.TestInformationcenter.testPlaneCodeInquire()'><b>testPlaneCodeInquire</b><br>Test class: Test.TestInformationcenter</td>
<td></td>
<td>0</td>
<td>Test.TestInformationcenter@18ad742</td></tr>
<tr>
<td title='Test.TestInformationcenter.testPlaneDetailedInformation()'><b>testPlaneDetailedInformation</b><br>Test class: Test.TestInformationcenter</td>
<td></td>
<td>0</td>
<td>Test.TestInformationcenter@18ad742</td></tr>
<tr>
<td title='Test.TestInformationcenter.testPlaneFault()'><b>testPlaneFault</b><br>Test class: Test.TestInformationcenter</td>
<td></td>
<td>0</td>
<td>Test.TestInformationcenter@18ad742</td></tr>
<tr>
<td title='Test.TestInformationcenter.testPlaneInformation()'><b>testPlaneInformation</b><br>Test class: Test.TestInformationcenter</td>
<td></td>
<td>0</td>
<td>Test.TestInformationcenter@18ad742</td></tr>
<tr>
<td title='Test.TestInformationcenter.testReadyInformation()'><b>testReadyInformation</b><br>Test class: Test.TestInformationcenter</td>
<td></td>
<td>0</td>
<td>Test.TestInformationcenter@18ad742</td></tr>
<tr>
<td title='Test.TestInformationcenter.testReservationInformation()'><b>testReservationInformation</b><br>Test class: Test.TestInformationcenter</td>
<td></td>
<td>0</td>
<td>Test.TestInformationcenter@18ad742</td></tr>
<tr>
<td title='Test.TestInformationcenter.testRouteInquire()'><b>testRouteInquire</b><br>Test class: Test.TestInformationcenter</td>
<td></td>
<td>0</td>
<td>Test.TestInformationcenter@18ad742</td></tr>
<tr>
<td title='Test.TestInformationcenter.testStartAirportInquire()'><b>testStartAirportInquire</b><br>Test class: Test.TestInformationcenter</td>
<td></td>
<td>0</td>
<td>Test.TestInformationcenter@18ad742</td></tr>
<tr>
<td title='Test.TestInformationcenter.testThreeCodeInquire()'><b>testThreeCodeInquire</b><br>Test class: Test.TestInformationcenter</td>
<td></td>
<td>0</td>
<td>Test.TestInformationcenter@18ad742</td></tr>
<tr>
<td title='Test.TestInformationcenter.testWeaterInformation()'><b>testWeaterInformation</b><br>Test class: Test.TestInformationcenter</td>
<td></td>
<td>0</td>
<td>Test.TestInformationcenter@18ad742</td></tr>
</table><p>
</body>
</html>