<?xml version="1.0" encoding="UTF-8"?>
<testng-results skipped="20" failed="4" total="33" passed="9">
  <reporter-output>
  </reporter-output>
  <suite name="Default suite" duration-ms="927290" started-at="2018-03-06T11:20:39Z" finished-at="2018-03-06T11:36:06Z">
    <groups>
    </groups>
    <test name="Default test" duration-ms="927290" started-at="2018-03-06T11:20:39Z" finished-at="2018-03-06T11:36:06Z">
      <class name="Test.TestInformationcenter">
        <test-method status="PASS" signature="newDriver()[pri:0, instance:Test.TestInformationcenter@18ad742]" name="newDriver" is-config="true" duration-ms="46683" started-at="2018-03-06T19:20:39Z" finished-at="2018-03-06T19:21:26Z">
          <reporter-output>
          </reporter-output>
        </test-method> <!-- newDriver -->
        <test-method status="PASS" signature="testAirportData()[pri:0, instance:Test.TestInformationcenter@18ad742]" name="testAirportData" duration-ms="15512" started-at="2018-03-06T19:21:26Z" finished-at="2018-03-06T19:21:41Z">
          <reporter-output>
          </reporter-output>
        </test-method> <!-- testAirportData -->
        <test-method status="PASS" signature="driverEnd()[pri:0, instance:Test.TestInformationcenter@18ad742]" name="driverEnd" is-config="true" duration-ms="1233" started-at="2018-03-06T19:21:41Z" finished-at="2018-03-06T19:21:43Z">
          <reporter-output>
          </reporter-output>
        </test-method> <!-- driverEnd -->
        <test-method status="PASS" signature="newDriver()[pri:0, instance:Test.TestInformationcenter@18ad742]" name="newDriver" is-config="true" duration-ms="46031" started-at="2018-03-06T19:21:43Z" finished-at="2018-03-06T19:22:29Z">
          <reporter-output>
          </reporter-output>
        </test-method> <!-- newDriver -->
        <test-method status="FAIL" signature="testAirportDataFourCodeInquire()[pri:0, instance:Test.TestInformationcenter@18ad742]" name="testAirportDataFourCodeInquire" duration-ms="21621" started-at="2018-03-06T19:22:29Z" finished-at="2018-03-06T19:22:50Z">
          <exception class="java.lang.AssertionError">
            <full-stacktrace>
              <![CDATA[java.lang.AssertionError
	at org.junit.Assert.fail(Assert.java:86)
	at org.junit.Assert.assertTrue(Assert.java:41)
	at org.junit.Assert.assertTrue(Assert.java:52)
	at Test.TestInformationcenter.testAirportDataFourCodeInquire(TestInformationcenter.java:100)
	at sun.reflect.NativeMethodAccessorImpl.invoke0(Native Method)
	at sun.reflect.NativeMethodAccessorImpl.invoke(Unknown Source)
	at sun.reflect.DelegatingMethodAccessorImpl.invoke(Unknown Source)
	at java.lang.reflect.Method.invoke(Unknown Source)
	at org.testng.internal.MethodInvocationHelper.invokeMethod(MethodInvocationHelper.java:84)
	at org.testng.internal.Invoker.invokeMethod(Invoker.java:714)
	at org.testng.internal.Invoker.invokeTestMethod(Invoker.java:901)
	at org.testng.internal.Invoker.invokeTestMethods(Invoker.java:1231)
	at org.testng.internal.TestMethodWorker.invokeTestMethods(TestMethodWorker.java:127)
	at org.testng.internal.TestMethodWorker.run(TestMethodWorker.java:111)
	at org.testng.TestRunner.privateRun(TestRunner.java:767)
	at org.testng.TestRunner.run(TestRunner.java:617)
	at org.testng.SuiteRunner.runTest(SuiteRunner.java:334)
	at org.testng.SuiteRunner.runSequentially(SuiteRunner.java:329)
	at org.testng.SuiteRunner.privateRun(SuiteRunner.java:291)
	at org.testng.SuiteRunner.run(SuiteRunner.java:240)
	at org.testng.SuiteRunnerWorker.runSuite(SuiteRunnerWorker.java:52)
	at org.testng.SuiteRunnerWorker.run(SuiteRunnerWorker.java:86)
	at org.testng.TestNG.runSuitesSequentially(TestNG.java:1224)
	at org.testng.TestNG.runSuitesLocally(TestNG.java:1149)
	at org.testng.TestNG.run(TestNG.java:1057)
	at org.testng.remote.AbstractRemoteTestNG.run(AbstractRemoteTestNG.java:132)
	at org.testng.remote.RemoteTestNG.initAndRun(RemoteTestNG.java:236)
	at org.testng.remote.RemoteTestNG.main(RemoteTestNG.java:81)
]]>
            </full-stacktrace>
          </exception> <!-- java.lang.AssertionError -->
          <reporter-output>
          </reporter-output>
        </test-method> <!-- testAirportDataFourCodeInquire -->
        <test-method status="PASS" signature="driverEnd()[pri:0, instance:Test.TestInformationcenter@18ad742]" name="driverEnd" is-config="true" duration-ms="3112" started-at="2018-03-06T19:22:50Z" finished-at="2018-03-06T19:22:53Z">
          <reporter-output>
          </reporter-output>
        </test-method> <!-- driverEnd -->
        <test-method status="PASS" signature="newDriver()[pri:0, instance:Test.TestInformationcenter@18ad742]" name="newDriver" is-config="true" duration-ms="45931" started-at="2018-03-06T19:22:53Z" finished-at="2018-03-06T19:23:39Z">
          <reporter-output>
          </reporter-output>
        </test-method> <!-- newDriver -->
        <test-method status="PASS" signature="testAirportInformation()[pri:0, instance:Test.TestInformationcenter@18ad742]" name="testAirportInformation" duration-ms="15199" started-at="2018-03-06T19:23:39Z" finished-at="2018-03-06T19:23:55Z">
          <reporter-output>
          </reporter-output>
        </test-method> <!-- testAirportInformation -->
        <test-method status="PASS" signature="driverEnd()[pri:0, instance:Test.TestInformationcenter@18ad742]" name="driverEnd" is-config="true" duration-ms="3095" started-at="2018-03-06T19:23:55Z" finished-at="2018-03-06T19:23:58Z">
          <reporter-output>
          </reporter-output>
        </test-method> <!-- driverEnd -->
        <test-method status="PASS" signature="newDriver()[pri:0, instance:Test.TestInformationcenter@18ad742]" name="newDriver" is-config="true" duration-ms="46057" started-at="2018-03-06T19:23:58Z" finished-at="2018-03-06T19:24:44Z">
          <reporter-output>
          </reporter-output>
        </test-method> <!-- newDriver -->
        <test-method status="FAIL" signature="testEndAirportInquire()[pri:0, instance:Test.TestInformationcenter@18ad742]" name="testEndAirportInquire" duration-ms="22119" started-at="2018-03-06T19:24:44Z" finished-at="2018-03-06T19:25:06Z">
          <exception class="java.lang.AssertionError">
            <full-stacktrace>
              <![CDATA[java.lang.AssertionError
	at org.junit.Assert.fail(Assert.java:86)
	at org.junit.Assert.assertTrue(Assert.java:41)
	at org.junit.Assert.assertTrue(Assert.java:52)
	at Test.TestInformationcenter.testEndAirportInquire(TestInformationcenter.java:201)
	at sun.reflect.NativeMethodAccessorImpl.invoke0(Native Method)
	at sun.reflect.NativeMethodAccessorImpl.invoke(Unknown Source)
	at sun.reflect.DelegatingMethodAccessorImpl.invoke(Unknown Source)
	at java.lang.reflect.Method.invoke(Unknown Source)
	at org.testng.internal.MethodInvocationHelper.invokeMethod(MethodInvocationHelper.java:84)
	at org.testng.internal.Invoker.invokeMethod(Invoker.java:714)
	at org.testng.internal.Invoker.invokeTestMethod(Invoker.java:901)
	at org.testng.internal.Invoker.invokeTestMethods(Invoker.java:1231)
	at org.testng.internal.TestMethodWorker.invokeTestMethods(TestMethodWorker.java:127)
	at org.testng.internal.TestMethodWorker.run(TestMethodWorker.java:111)
	at org.testng.TestRunner.privateRun(TestRunner.java:767)
	at org.testng.TestRunner.run(TestRunner.java:617)
	at org.testng.SuiteRunner.runTest(SuiteRunner.java:334)
	at org.testng.SuiteRunner.runSequentially(SuiteRunner.java:329)
	at org.testng.SuiteRunner.privateRun(SuiteRunner.java:291)
	at org.testng.SuiteRunner.run(SuiteRunner.java:240)
	at org.testng.SuiteRunnerWorker.runSuite(SuiteRunnerWorker.java:52)
	at org.testng.SuiteRunnerWorker.run(SuiteRunnerWorker.java:86)
	at org.testng.TestNG.runSuitesSequentially(TestNG.java:1224)
	at org.testng.TestNG.runSuitesLocally(TestNG.java:1149)
	at org.testng.TestNG.run(TestNG.java:1057)
	at org.testng.remote.AbstractRemoteTestNG.run(AbstractRemoteTestNG.java:132)
	at org.testng.remote.RemoteTestNG.initAndRun(RemoteTestNG.java:236)
	at org.testng.remote.RemoteTestNG.main(RemoteTestNG.java:81)
]]>
            </full-stacktrace>
          </exception> <!-- java.lang.AssertionError -->
          <reporter-output>
          </reporter-output>
        </test-method> <!-- testEndAirportInquire -->
        <test-method status="PASS" signature="driverEnd()[pri:0, instance:Test.TestInformationcenter@18ad742]" name="driverEnd" is-config="true" duration-ms="3134" started-at="2018-03-06T19:25:06Z" finished-at="2018-03-06T19:25:09Z">
          <reporter-output>
          </reporter-output>
        </test-method> <!-- driverEnd -->
        <test-method status="PASS" signature="newDriver()[pri:0, instance:Test.TestInformationcenter@18ad742]" name="newDriver" is-config="true" duration-ms="46061" started-at="2018-03-06T19:25:09Z" finished-at="2018-03-06T19:25:55Z">
          <reporter-output>
          </reporter-output>
        </test-method> <!-- newDriver -->
        <test-method status="PASS" signature="testFlightCharacteristic()[pri:0, instance:Test.TestInformationcenter@18ad742]" name="testFlightCharacteristic" duration-ms="15247" started-at="2018-03-06T19:25:55Z" finished-at="2018-03-06T19:26:10Z">
          <reporter-output>
          </reporter-output>
        </test-method> <!-- testFlightCharacteristic -->
        <test-method status="PASS" signature="driverEnd()[pri:0, instance:Test.TestInformationcenter@18ad742]" name="driverEnd" is-config="true" duration-ms="3443" started-at="2018-03-06T19:26:10Z" finished-at="2018-03-06T19:26:14Z">
          <reporter-output>
          </reporter-output>
        </test-method> <!-- driverEnd -->
        <test-method status="PASS" signature="newDriver()[pri:0, instance:Test.TestInformationcenter@18ad742]" name="newDriver" is-config="true" duration-ms="45844" started-at="2018-03-06T19:26:14Z" finished-at="2018-03-06T19:27:00Z">
          <reporter-output>
          </reporter-output>
        </test-method> <!-- newDriver -->
        <test-method status="PASS" signature="testFlightData()[pri:0, instance:Test.TestInformationcenter@18ad742]" name="testFlightData" duration-ms="15809" started-at="2018-03-06T19:27:00Z" finished-at="2018-03-06T19:27:15Z">
          <reporter-output>
          </reporter-output>
        </test-method> <!-- testFlightData -->
        <test-method status="PASS" signature="driverEnd()[pri:0, instance:Test.TestInformationcenter@18ad742]" name="driverEnd" is-config="true" duration-ms="3109" started-at="2018-03-06T19:27:15Z" finished-at="2018-03-06T19:27:18Z">
          <reporter-output>
          </reporter-output>
        </test-method> <!-- driverEnd -->
        <test-method status="PASS" signature="newDriver()[pri:0, instance:Test.TestInformationcenter@18ad742]" name="newDriver" is-config="true" duration-ms="45984" started-at="2018-03-06T19:27:18Z" finished-at="2018-03-06T19:28:04Z">
          <reporter-output>
          </reporter-output>
        </test-method> <!-- newDriver -->
        <test-method status="PASS" signature="testFlightchange()[pri:0, instance:Test.TestInformationcenter@18ad742]" name="testFlightchange" duration-ms="15264" started-at="2018-03-06T19:28:04Z" finished-at="2018-03-06T19:28:20Z">
          <reporter-output>
          </reporter-output>
        </test-method> <!-- testFlightchange -->
        <test-method status="PASS" signature="driverEnd()[pri:0, instance:Test.TestInformationcenter@18ad742]" name="driverEnd" is-config="true" duration-ms="3183" started-at="2018-03-06T19:28:20Z" finished-at="2018-03-06T19:28:23Z">
          <reporter-output>
          </reporter-output>
        </test-method> <!-- driverEnd -->
        <test-method status="PASS" signature="newDriver()[pri:0, instance:Test.TestInformationcenter@18ad742]" name="newDriver" is-config="true" duration-ms="45905" started-at="2018-03-06T19:28:23Z" finished-at="2018-03-06T19:29:09Z">
          <reporter-output>
          </reporter-output>
        </test-method> <!-- newDriver -->
        <test-method status="PASS" signature="testFlyPlan()[pri:0, instance:Test.TestInformationcenter@18ad742]" name="testFlyPlan" duration-ms="15407" started-at="2018-03-06T19:29:09Z" finished-at="2018-03-06T19:29:24Z">
          <reporter-output>
          </reporter-output>
        </test-method> <!-- testFlyPlan -->
        <test-method status="PASS" signature="driverEnd()[pri:0, instance:Test.TestInformationcenter@18ad742]" name="driverEnd" is-config="true" duration-ms="3092" started-at="2018-03-06T19:29:24Z" finished-at="2018-03-06T19:29:27Z">
          <reporter-output>
          </reporter-output>
        </test-method> <!-- driverEnd -->
        <test-method status="PASS" signature="newDriver()[pri:0, instance:Test.TestInformationcenter@18ad742]" name="newDriver" is-config="true" duration-ms="45894" started-at="2018-03-06T19:29:27Z" finished-at="2018-03-06T19:30:13Z">
          <reporter-output>
          </reporter-output>
        </test-method> <!-- newDriver -->
        <test-method status="PASS" signature="testFlyTime()[pri:0, instance:Test.TestInformationcenter@18ad742]" name="testFlyTime" duration-ms="15214" started-at="2018-03-06T19:30:13Z" finished-at="2018-03-06T19:30:28Z">
          <reporter-output>
          </reporter-output>
        </test-method> <!-- testFlyTime -->
        <test-method status="PASS" signature="driverEnd()[pri:0, instance:Test.TestInformationcenter@18ad742]" name="driverEnd" is-config="true" duration-ms="1195" started-at="2018-03-06T19:30:28Z" finished-at="2018-03-06T19:30:30Z">
          <reporter-output>
          </reporter-output>
        </test-method> <!-- driverEnd -->
        <test-method status="PASS" signature="newDriver()[pri:0, instance:Test.TestInformationcenter@18ad742]" name="newDriver" is-config="true" duration-ms="45966" started-at="2018-03-06T19:30:30Z" finished-at="2018-03-06T19:31:16Z">
          <reporter-output>
          </reporter-output>
        </test-method> <!-- newDriver -->
        <test-method status="PASS" signature="testFourCodeInquire()[pri:0, instance:Test.TestInformationcenter@18ad742]" name="testFourCodeInquire" duration-ms="21706" started-at="2018-03-06T19:31:16Z" finished-at="2018-03-06T19:31:37Z">
          <reporter-output>
          </reporter-output>
        </test-method> <!-- testFourCodeInquire -->
        <test-method status="PASS" signature="driverEnd()[pri:0, instance:Test.TestInformationcenter@18ad742]" name="driverEnd" is-config="true" duration-ms="3130" started-at="2018-03-06T19:31:37Z" finished-at="2018-03-06T19:31:40Z">
          <reporter-output>
          </reporter-output>
        </test-method> <!-- driverEnd -->
        <test-method status="PASS" signature="newDriver()[pri:0, instance:Test.TestInformationcenter@18ad742]" name="newDriver" is-config="true" duration-ms="45766" started-at="2018-03-06T19:31:40Z" finished-at="2018-03-06T19:32:26Z">
          <reporter-output>
          </reporter-output>
        </test-method> <!-- newDriver -->
        <test-method status="PASS" signature="testInquireDateFlyPlan()[pri:0, instance:Test.TestInformationcenter@18ad742]" name="testInquireDateFlyPlan" duration-ms="40852" started-at="2018-03-06T19:32:26Z" finished-at="2018-03-06T19:33:07Z">
          <reporter-output>
          </reporter-output>
        </test-method> <!-- testInquireDateFlyPlan -->
        <test-method status="PASS" signature="driverEnd()[pri:0, instance:Test.TestInformationcenter@18ad742]" name="driverEnd" is-config="true" duration-ms="3102" started-at="2018-03-06T19:33:07Z" finished-at="2018-03-06T19:33:10Z">
          <reporter-output>
          </reporter-output>
        </test-method> <!-- driverEnd -->
        <test-method status="PASS" signature="newDriver()[pri:0, instance:Test.TestInformationcenter@18ad742]" name="newDriver" is-config="true" duration-ms="45891" started-at="2018-03-06T19:33:10Z" finished-at="2018-03-06T19:33:56Z">
          <reporter-output>
          </reporter-output>
        </test-method> <!-- newDriver -->
        <test-method status="FAIL" signature="testInquireDateFlyTime()[pri:0, instance:Test.TestInformationcenter@18ad742]" name="testInquireDateFlyTime" duration-ms="36353" started-at="2018-03-06T19:33:56Z" finished-at="2018-03-06T19:34:32Z">
          <exception class="java.lang.AssertionError">
            <full-stacktrace>
              <![CDATA[java.lang.AssertionError
	at org.junit.Assert.fail(Assert.java:86)
	at org.junit.Assert.assertTrue(Assert.java:41)
	at org.junit.Assert.assertTrue(Assert.java:52)
	at Test.TestInformationcenter.testInquireDateFlyTime(TestInformationcenter.java:374)
	at sun.reflect.NativeMethodAccessorImpl.invoke0(Native Method)
	at sun.reflect.NativeMethodAccessorImpl.invoke(Unknown Source)
	at sun.reflect.DelegatingMethodAccessorImpl.invoke(Unknown Source)
	at java.lang.reflect.Method.invoke(Unknown Source)
	at org.testng.internal.MethodInvocationHelper.invokeMethod(MethodInvocationHelper.java:84)
	at org.testng.internal.Invoker.invokeMethod(Invoker.java:714)
	at org.testng.internal.Invoker.invokeTestMethod(Invoker.java:901)
	at org.testng.internal.Invoker.invokeTestMethods(Invoker.java:1231)
	at org.testng.internal.TestMethodWorker.invokeTestMethods(TestMethodWorker.java:127)
	at org.testng.internal.TestMethodWorker.run(TestMethodWorker.java:111)
	at org.testng.TestRunner.privateRun(TestRunner.java:767)
	at org.testng.TestRunner.run(TestRunner.java:617)
	at org.testng.SuiteRunner.runTest(SuiteRunner.java:334)
	at org.testng.SuiteRunner.runSequentially(SuiteRunner.java:329)
	at org.testng.SuiteRunner.privateRun(SuiteRunner.java:291)
	at org.testng.SuiteRunner.run(SuiteRunner.java:240)
	at org.testng.SuiteRunnerWorker.runSuite(SuiteRunnerWorker.java:52)
	at org.testng.SuiteRunnerWorker.run(SuiteRunnerWorker.java:86)
	at org.testng.TestNG.runSuitesSequentially(TestNG.java:1224)
	at org.testng.TestNG.runSuitesLocally(TestNG.java:1149)
	at org.testng.TestNG.run(TestNG.java:1057)
	at org.testng.remote.AbstractRemoteTestNG.run(AbstractRemoteTestNG.java:132)
	at org.testng.remote.RemoteTestNG.initAndRun(RemoteTestNG.java:236)
	at org.testng.remote.RemoteTestNG.main(RemoteTestNG.java:81)
]]>
            </full-stacktrace>
          </exception> <!-- java.lang.AssertionError -->
          <reporter-output>
          </reporter-output>
        </test-method> <!-- testInquireDateFlyTime -->
        <test-method status="PASS" signature="driverEnd()[pri:0, instance:Test.TestInformationcenter@18ad742]" name="driverEnd" is-config="true" duration-ms="3128" started-at="2018-03-06T19:34:32Z" finished-at="2018-03-06T19:34:35Z">
          <reporter-output>
          </reporter-output>
        </test-method> <!-- driverEnd -->
        <test-method status="PASS" signature="newDriver()[pri:0, instance:Test.TestInformationcenter@18ad742]" name="newDriver" is-config="true" duration-ms="46085" started-at="2018-03-06T19:34:35Z" finished-at="2018-03-06T19:35:22Z">
          <reporter-output>
          </reporter-output>
        </test-method> <!-- newDriver -->
        <test-method status="FAIL" signature="testInquireFlightCharacteristic()[pri:0, instance:Test.TestInformationcenter@18ad742]" name="testInquireFlightCharacteristic" duration-ms="16944" started-at="2018-03-06T19:35:22Z" finished-at="2018-03-06T19:35:39Z">
          <exception class="java.lang.AssertionError">
            <full-stacktrace>
              <![CDATA[java.lang.AssertionError
	at org.junit.Assert.fail(Assert.java:86)
	at org.junit.Assert.assertTrue(Assert.java:41)
	at org.junit.Assert.assertTrue(Assert.java:52)
	at Test.TestInformationcenter.testInquireFlightCharacteristic(TestInformationcenter.java:227)
	at sun.reflect.NativeMethodAccessorImpl.invoke0(Native Method)
	at sun.reflect.NativeMethodAccessorImpl.invoke(Unknown Source)
	at sun.reflect.DelegatingMethodAccessorImpl.invoke(Unknown Source)
	at java.lang.reflect.Method.invoke(Unknown Source)
	at org.testng.internal.MethodInvocationHelper.invokeMethod(MethodInvocationHelper.java:84)
	at org.testng.internal.Invoker.invokeMethod(Invoker.java:714)
	at org.testng.internal.Invoker.invokeTestMethod(Invoker.java:901)
	at org.testng.internal.Invoker.invokeTestMethods(Invoker.java:1231)
	at org.testng.internal.TestMethodWorker.invokeTestMethods(TestMethodWorker.java:127)
	at org.testng.internal.TestMethodWorker.run(TestMethodWorker.java:111)
	at org.testng.TestRunner.privateRun(TestRunner.java:767)
	at org.testng.TestRunner.run(TestRunner.java:617)
	at org.testng.SuiteRunner.runTest(SuiteRunner.java:334)
	at org.testng.SuiteRunner.runSequentially(SuiteRunner.java:329)
	at org.testng.SuiteRunner.privateRun(SuiteRunner.java:291)
	at org.testng.SuiteRunner.run(SuiteRunner.java:240)
	at org.testng.SuiteRunnerWorker.runSuite(SuiteRunnerWorker.java:52)
	at org.testng.SuiteRunnerWorker.run(SuiteRunnerWorker.java:86)
	at org.testng.TestNG.runSuitesSequentially(TestNG.java:1224)
	at org.testng.TestNG.runSuitesLocally(TestNG.java:1149)
	at org.testng.TestNG.run(TestNG.java:1057)
	at org.testng.remote.AbstractRemoteTestNG.run(AbstractRemoteTestNG.java:132)
	at org.testng.remote.RemoteTestNG.initAndRun(RemoteTestNG.java:236)
	at org.testng.remote.RemoteTestNG.main(RemoteTestNG.java:81)
]]>
            </full-stacktrace>
          </exception> <!-- java.lang.AssertionError -->
          <reporter-output>
          </reporter-output>
        </test-method> <!-- testInquireFlightCharacteristic -->
        <test-method status="PASS" signature="driverEnd()[pri:0, instance:Test.TestInformationcenter@18ad742]" name="driverEnd" is-config="true" duration-ms="1171" started-at="2018-03-06T19:35:39Z" finished-at="2018-03-06T19:35:40Z">
          <reporter-output>
          </reporter-output>
        </test-method> <!-- driverEnd -->
        <test-method status="FAIL" signature="newDriver()[pri:0, instance:Test.TestInformationcenter@18ad742]" name="newDriver" is-config="true" duration-ms="0" started-at="2018-03-06T19:35:40Z" finished-at="2018-03-06T19:35:40Z">
          <exception class="org.openqa.selenium.NoSuchElementException">
            <message>
              <![CDATA[no such element: Unable to locate element: {"method":"name","selector":"UserCode"}
  (Session info: chrome=64.0.3282.167)
  (Driver info: chromedriver=2.33.506120 (e3e53437346286c0bc2d2dc9aa4915ba81d9023f),platform=Windows NT 6.1.7601 SP1 x86_64) (WARNING: The server did not provide any stacktrace information)
Command duration or timeout: 48 milliseconds
For documentation on this error, please visit: http://seleniumhq.org/exceptions/no_such_element.html
Build info: version: '2.40.0', revision: 'fbe29a9', time: '2014-02-19 20:55:11'
System info: host: 'sunwin-PC', ip: '192.168.100.63', os.name: 'Windows 7', os.arch: 'x86', os.version: '6.1', java.version: '1.8.0_151'
Driver info: org.openqa.selenium.chrome.ChromeDriver
Capabilities [{applicationCacheEnabled=false, rotatable=false, mobileEmulationEnabled=false, networkConnectionEnabled=false, chrome={chromedriverVersion=2.33.506120 (e3e53437346286c0bc2d2dc9aa4915ba81d9023f), userDataDir=C:/Users/sunwin/AppData/Local/Google/Chrome/User Data}, takesHeapSnapshot=true, pageLoadStrategy=normal, databaseEnabled=false, handlesAlerts=true, hasTouchScreen=false, version=64.0.3282.167, platform=XP, browserConnectionEnabled=false, nativeEvents=true, acceptSslCerts=true, locationContextEnabled=true, webStorageEnabled=true, browserName=chrome, takesScreenshot=true, javascriptEnabled=true, cssSelectorsEnabled=true, setWindowRect=true, unexpectedAlertBehaviour=}]
Session ID: fd14833d7b28da50e4823980b61b5091]]>
            </message>
            <full-stacktrace>
              <![CDATA[org.openqa.selenium.NoSuchElementException: no such element: Unable to locate element: {"method":"name","selector":"UserCode"}
  (Session info: chrome=64.0.3282.167)
  (Driver info: chromedriver=2.33.506120 (e3e53437346286c0bc2d2dc9aa4915ba81d9023f),platform=Windows NT 6.1.7601 SP1 x86_64) (WARNING: The server did not provide any stacktrace information)
Command duration or timeout: 48 milliseconds
For documentation on this error, please visit: http://seleniumhq.org/exceptions/no_such_element.html
Build info: version: '2.40.0', revision: 'fbe29a9', time: '2014-02-19 20:55:11'
System info: host: 'sunwin-PC', ip: '192.168.100.63', os.name: 'Windows 7', os.arch: 'x86', os.version: '6.1', java.version: '1.8.0_151'
Driver info: org.openqa.selenium.chrome.ChromeDriver
Capabilities [{applicationCacheEnabled=false, rotatable=false, mobileEmulationEnabled=false, networkConnectionEnabled=false, chrome={chromedriverVersion=2.33.506120 (e3e53437346286c0bc2d2dc9aa4915ba81d9023f), userDataDir=C:/Users/sunwin/AppData/Local/Google/Chrome/User Data}, takesHeapSnapshot=true, pageLoadStrategy=normal, databaseEnabled=false, handlesAlerts=true, hasTouchScreen=false, version=64.0.3282.167, platform=XP, browserConnectionEnabled=false, nativeEvents=true, acceptSslCerts=true, locationContextEnabled=true, webStorageEnabled=true, browserName=chrome, takesScreenshot=true, javascriptEnabled=true, cssSelectorsEnabled=true, setWindowRect=true, unexpectedAlertBehaviour=}]
Session ID: fd14833d7b28da50e4823980b61b5091
	at sun.reflect.NativeConstructorAccessorImpl.newInstance0(Native Method)
	at sun.reflect.NativeConstructorAccessorImpl.newInstance(Unknown Source)
	at sun.reflect.DelegatingConstructorAccessorImpl.newInstance(Unknown Source)
	at java.lang.reflect.Constructor.newInstance(Unknown Source)
	at org.openqa.selenium.remote.ErrorHandler.createThrowable(ErrorHandler.java:193)
	at org.openqa.selenium.remote.ErrorHandler.throwIfResponseFailed(ErrorHandler.java:145)
	at org.openqa.selenium.remote.RemoteWebDriver.execute(RemoteWebDriver.java:573)
	at org.openqa.selenium.remote.RemoteWebDriver.findElement(RemoteWebDriver.java:326)
	at org.openqa.selenium.remote.RemoteWebDriver.findElementByName(RemoteWebDriver.java:399)
	at org.openqa.selenium.By$ByName.findElement(By.java:299)
	at org.openqa.selenium.remote.RemoteWebDriver.findElement(RemoteWebDriver.java:318)
	at Test.HomePage.getUserTextField(HomePage.java:41)
	at Test.HomePage.login(HomePage.java:60)
	at Test.TestInformationcenter.newDriver(TestInformationcenter.java:33)
	at sun.reflect.NativeMethodAccessorImpl.invoke0(Native Method)
	at sun.reflect.NativeMethodAccessorImpl.invoke(Unknown Source)
	at sun.reflect.DelegatingMethodAccessorImpl.invoke(Unknown Source)
	at java.lang.reflect.Method.invoke(Unknown Source)
	at org.testng.internal.MethodInvocationHelper.invokeMethod(MethodInvocationHelper.java:84)
	at org.testng.internal.Invoker.invokeConfigurationMethod(Invoker.java:564)
	at org.testng.internal.Invoker.invokeConfigurations(Invoker.java:213)
	at org.testng.internal.Invoker.invokeMethod(Invoker.java:653)
	at org.testng.internal.Invoker.invokeTestMethod(Invoker.java:901)
	at org.testng.internal.Invoker.invokeTestMethods(Invoker.java:1231)
	at org.testng.internal.TestMethodWorker.invokeTestMethods(TestMethodWorker.java:127)
	at org.testng.internal.TestMethodWorker.run(TestMethodWorker.java:111)
	at org.testng.TestRunner.privateRun(TestRunner.java:767)
	at org.testng.TestRunner.run(TestRunner.java:617)
	at org.testng.SuiteRunner.runTest(SuiteRunner.java:334)
	at org.testng.SuiteRunner.runSequentially(SuiteRunner.java:329)
	at org.testng.SuiteRunner.privateRun(SuiteRunner.java:291)
	at org.testng.SuiteRunner.run(SuiteRunner.java:240)
	at org.testng.SuiteRunnerWorker.runSuite(SuiteRunnerWorker.java:52)
	at org.testng.SuiteRunnerWorker.run(SuiteRunnerWorker.java:86)
	at org.testng.TestNG.runSuitesSequentially(TestNG.java:1224)
	at org.testng.TestNG.runSuitesLocally(TestNG.java:1149)
	at org.testng.TestNG.run(TestNG.java:1057)
	at org.testng.remote.AbstractRemoteTestNG.run(AbstractRemoteTestNG.java:132)
	at org.testng.remote.RemoteTestNG.initAndRun(RemoteTestNG.java:236)
	at org.testng.remote.RemoteTestNG.main(RemoteTestNG.java:81)
]]>
            </full-stacktrace>
          </exception> <!-- org.openqa.selenium.NoSuchElementException -->
          <reporter-output>
          </reporter-output>
        </test-method> <!-- newDriver -->
        <test-method status="SKIP" signature="testInquireFlightDate()[pri:0, instance:Test.TestInformationcenter@18ad742]" name="testInquireFlightDate" duration-ms="1" started-at="2018-03-06T19:36:06Z" finished-at="2018-03-06T19:36:06Z">
          <reporter-output>
          </reporter-output>
        </test-method> <!-- testInquireFlightDate -->
        <test-method status="SKIP" signature="driverEnd()[pri:0, instance:Test.TestInformationcenter@18ad742]" name="driverEnd" is-config="true" duration-ms="0" started-at="2018-03-06T19:36:06Z" finished-at="2018-03-06T19:36:06Z">
          <reporter-output>
          </reporter-output>
        </test-method> <!-- driverEnd -->
        <test-method status="SKIP" signature="newDriver()[pri:0, instance:Test.TestInformationcenter@18ad742]" name="newDriver" is-config="true" duration-ms="0" started-at="2018-03-06T19:36:06Z" finished-at="2018-03-06T19:36:06Z">
          <reporter-output>
          </reporter-output>
        </test-method> <!-- newDriver -->
        <test-method status="SKIP" signature="testInquireFlightDateReservationInformation()[pri:0, instance:Test.TestInformationcenter@18ad742]" name="testInquireFlightDateReservationInformation" duration-ms="3" started-at="2018-03-06T19:36:06Z" finished-at="2018-03-06T19:36:06Z">
          <reporter-output>
          </reporter-output>
        </test-method> <!-- testInquireFlightDateReservationInformation -->
        <test-method status="SKIP" signature="driverEnd()[pri:0, instance:Test.TestInformationcenter@18ad742]" name="driverEnd" is-config="true" duration-ms="0" started-at="2018-03-06T19:36:06Z" finished-at="2018-03-06T19:36:06Z">
          <reporter-output>
          </reporter-output>
        </test-method> <!-- driverEnd -->
        <test-method status="SKIP" signature="newDriver()[pri:0, instance:Test.TestInformationcenter@18ad742]" name="newDriver" is-config="true" duration-ms="0" started-at="2018-03-06T19:36:06Z" finished-at="2018-03-06T19:36:06Z">
          <reporter-output>
          </reporter-output>
        </test-method> <!-- newDriver -->
        <test-method status="SKIP" signature="testInquireFlightNo()[pri:0, instance:Test.TestInformationcenter@18ad742]" name="testInquireFlightNo" duration-ms="2" started-at="2018-03-06T19:36:06Z" finished-at="2018-03-06T19:36:06Z">
          <reporter-output>
          </reporter-output>
        </test-method> <!-- testInquireFlightNo -->
        <test-method status="SKIP" signature="driverEnd()[pri:0, instance:Test.TestInformationcenter@18ad742]" name="driverEnd" is-config="true" duration-ms="0" started-at="2018-03-06T19:36:06Z" finished-at="2018-03-06T19:36:06Z">
          <reporter-output>
          </reporter-output>
        </test-method> <!-- driverEnd -->
        <test-method status="SKIP" signature="newDriver()[pri:0, instance:Test.TestInformationcenter@18ad742]" name="newDriver" is-config="true" duration-ms="0" started-at="2018-03-06T19:36:06Z" finished-at="2018-03-06T19:36:06Z">
          <reporter-output>
          </reporter-output>
        </test-method> <!-- newDriver -->
        <test-method status="SKIP" signature="testInquireFlightNoFlyPlan()[pri:0, instance:Test.TestInformationcenter@18ad742]" name="testInquireFlightNoFlyPlan" duration-ms="1" started-at="2018-03-06T19:36:06Z" finished-at="2018-03-06T19:36:06Z">
          <reporter-output>
          </reporter-output>
        </test-method> <!-- testInquireFlightNoFlyPlan -->
        <test-method status="SKIP" signature="driverEnd()[pri:0, instance:Test.TestInformationcenter@18ad742]" name="driverEnd" is-config="true" duration-ms="0" started-at="2018-03-06T19:36:06Z" finished-at="2018-03-06T19:36:06Z">
          <reporter-output>
          </reporter-output>
        </test-method> <!-- driverEnd -->
        <test-method status="SKIP" signature="newDriver()[pri:0, instance:Test.TestInformationcenter@18ad742]" name="newDriver" is-config="true" duration-ms="0" started-at="2018-03-06T19:36:06Z" finished-at="2018-03-06T19:36:06Z">
          <reporter-output>
          </reporter-output>
        </test-method> <!-- newDriver -->
        <test-method status="SKIP" signature="testInquireFlightNoReservationInformation()[pri:0, instance:Test.TestInformationcenter@18ad742]" name="testInquireFlightNoReservationInformation" duration-ms="1" started-at="2018-03-06T19:36:06Z" finished-at="2018-03-06T19:36:06Z">
          <reporter-output>
          </reporter-output>
        </test-method> <!-- testInquireFlightNoReservationInformation -->
        <test-method status="SKIP" signature="driverEnd()[pri:0, instance:Test.TestInformationcenter@18ad742]" name="driverEnd" is-config="true" duration-ms="0" started-at="2018-03-06T19:36:06Z" finished-at="2018-03-06T19:36:06Z">
          <reporter-output>
          </reporter-output>
        </test-method> <!-- driverEnd -->
        <test-method status="SKIP" signature="newDriver()[pri:0, instance:Test.TestInformationcenter@18ad742]" name="newDriver" is-config="true" duration-ms="0" started-at="2018-03-06T19:36:06Z" finished-at="2018-03-06T19:36:06Z">
          <reporter-output>
          </reporter-output>
        </test-method> <!-- newDriver -->
        <test-method status="SKIP" signature="testInquireNameFlyPlan()[pri:0, instance:Test.TestInformationcenter@18ad742]" name="testInquireNameFlyPlan" duration-ms="1" started-at="2018-03-06T19:36:06Z" finished-at="2018-03-06T19:36:06Z">
          <reporter-output>
          </reporter-output>
        </test-method> <!-- testInquireNameFlyPlan -->
        <test-method status="SKIP" signature="driverEnd()[pri:0, instance:Test.TestInformationcenter@18ad742]" name="driverEnd" is-config="true" duration-ms="0" started-at="2018-03-06T19:36:06Z" finished-at="2018-03-06T19:36:06Z">
          <reporter-output>
          </reporter-output>
        </test-method> <!-- driverEnd -->
        <test-method status="SKIP" signature="newDriver()[pri:0, instance:Test.TestInformationcenter@18ad742]" name="newDriver" is-config="true" duration-ms="0" started-at="2018-03-06T19:36:06Z" finished-at="2018-03-06T19:36:06Z">
          <reporter-output>
          </reporter-output>
        </test-method> <!-- newDriver -->
        <test-method status="SKIP" signature="testInquireNameFlyTime()[pri:0, instance:Test.TestInformationcenter@18ad742]" name="testInquireNameFlyTime" duration-ms="1" started-at="2018-03-06T19:36:06Z" finished-at="2018-03-06T19:36:06Z">
          <reporter-output>
          </reporter-output>
        </test-method> <!-- testInquireNameFlyTime -->
        <test-method status="SKIP" signature="driverEnd()[pri:0, instance:Test.TestInformationcenter@18ad742]" name="driverEnd" is-config="true" duration-ms="0" started-at="2018-03-06T19:36:06Z" finished-at="2018-03-06T19:36:06Z">
          <reporter-output>
          </reporter-output>
        </test-method> <!-- driverEnd -->
        <test-method status="SKIP" signature="newDriver()[pri:0, instance:Test.TestInformationcenter@18ad742]" name="newDriver" is-config="true" duration-ms="0" started-at="2018-03-06T19:36:06Z" finished-at="2018-03-06T19:36:06Z">
          <reporter-output>
          </reporter-output>
        </test-method> <!-- newDriver -->
        <test-method status="SKIP" signature="testInquirePlaneNo()[pri:0, instance:Test.TestInformationcenter@18ad742]" name="testInquirePlaneNo" duration-ms="1" started-at="2018-03-06T19:36:06Z" finished-at="2018-03-06T19:36:06Z">
          <reporter-output>
          </reporter-output>
        </test-method> <!-- testInquirePlaneNo -->
        <test-method status="SKIP" signature="driverEnd()[pri:0, instance:Test.TestInformationcenter@18ad742]" name="driverEnd" is-config="true" duration-ms="0" started-at="2018-03-06T19:36:06Z" finished-at="2018-03-06T19:36:06Z">
          <reporter-output>
          </reporter-output>
        </test-method> <!-- driverEnd -->
        <test-method status="SKIP" signature="newDriver()[pri:0, instance:Test.TestInformationcenter@18ad742]" name="newDriver" is-config="true" duration-ms="0" started-at="2018-03-06T19:36:06Z" finished-at="2018-03-06T19:36:06Z">
          <reporter-output>
          </reporter-output>
        </test-method> <!-- newDriver -->
        <test-method status="SKIP" signature="testInquireReadyInformation()[pri:0, instance:Test.TestInformationcenter@18ad742]" name="testInquireReadyInformation" duration-ms="1" started-at="2018-03-06T19:36:06Z" finished-at="2018-03-06T19:36:06Z">
          <reporter-output>
          </reporter-output>
        </test-method> <!-- testInquireReadyInformation -->
        <test-method status="SKIP" signature="driverEnd()[pri:0, instance:Test.TestInformationcenter@18ad742]" name="driverEnd" is-config="true" duration-ms="0" started-at="2018-03-06T19:36:06Z" finished-at="2018-03-06T19:36:06Z">
          <reporter-output>
          </reporter-output>
        </test-method> <!-- driverEnd -->
        <test-method status="SKIP" signature="newDriver()[pri:0, instance:Test.TestInformationcenter@18ad742]" name="newDriver" is-config="true" duration-ms="0" started-at="2018-03-06T19:36:06Z" finished-at="2018-03-06T19:36:06Z">
          <reporter-output>
          </reporter-output>
        </test-method> <!-- newDriver -->
        <test-method status="SKIP" signature="testInquireWeaterInformation()[pri:0, instance:Test.TestInformationcenter@18ad742]" name="testInquireWeaterInformation" duration-ms="3" started-at="2018-03-06T19:36:06Z" finished-at="2018-03-06T19:36:06Z">
          <reporter-output>
          </reporter-output>
        </test-method> <!-- testInquireWeaterInformation -->
        <test-method status="SKIP" signature="driverEnd()[pri:0, instance:Test.TestInformationcenter@18ad742]" name="driverEnd" is-config="true" duration-ms="0" started-at="2018-03-06T19:36:06Z" finished-at="2018-03-06T19:36:06Z">
          <reporter-output>
          </reporter-output>
        </test-method> <!-- driverEnd -->
        <test-method status="SKIP" signature="newDriver()[pri:0, instance:Test.TestInformationcenter@18ad742]" name="newDriver" is-config="true" duration-ms="0" started-at="2018-03-06T19:36:06Z" finished-at="2018-03-06T19:36:06Z">
          <reporter-output>
          </reporter-output>
        </test-method> <!-- newDriver -->
        <test-method status="SKIP" signature="testPlaneCodeInquire()[pri:0, instance:Test.TestInformationcenter@18ad742]" name="testPlaneCodeInquire" duration-ms="1" started-at="2018-03-06T19:36:06Z" finished-at="2018-03-06T19:36:06Z">
          <reporter-output>
          </reporter-output>
        </test-method> <!-- testPlaneCodeInquire -->
        <test-method status="SKIP" signature="driverEnd()[pri:0, instance:Test.TestInformationcenter@18ad742]" name="driverEnd" is-config="true" duration-ms="0" started-at="2018-03-06T19:36:06Z" finished-at="2018-03-06T19:36:06Z">
          <reporter-output>
          </reporter-output>
        </test-method> <!-- driverEnd -->
        <test-method status="SKIP" signature="newDriver()[pri:0, instance:Test.TestInformationcenter@18ad742]" name="newDriver" is-config="true" duration-ms="0" started-at="2018-03-06T19:36:06Z" finished-at="2018-03-06T19:36:06Z">
          <reporter-output>
          </reporter-output>
        </test-method> <!-- newDriver -->
        <test-method status="SKIP" signature="testPlaneDetailedInformation()[pri:0, instance:Test.TestInformationcenter@18ad742]" name="testPlaneDetailedInformation" duration-ms="2" started-at="2018-03-06T19:36:06Z" finished-at="2018-03-06T19:36:06Z">
          <reporter-output>
          </reporter-output>
        </test-method> <!-- testPlaneDetailedInformation -->
        <test-method status="SKIP" signature="driverEnd()[pri:0, instance:Test.TestInformationcenter@18ad742]" name="driverEnd" is-config="true" duration-ms="0" started-at="2018-03-06T19:36:06Z" finished-at="2018-03-06T19:36:06Z">
          <reporter-output>
          </reporter-output>
        </test-method> <!-- driverEnd -->
        <test-method status="SKIP" signature="newDriver()[pri:0, instance:Test.TestInformationcenter@18ad742]" name="newDriver" is-config="true" duration-ms="0" started-at="2018-03-06T19:36:06Z" finished-at="2018-03-06T19:36:06Z">
          <reporter-output>
          </reporter-output>
        </test-method> <!-- newDriver -->
        <test-method status="SKIP" signature="testPlaneFault()[pri:0, instance:Test.TestInformationcenter@18ad742]" name="testPlaneFault" duration-ms="2" started-at="2018-03-06T19:36:06Z" finished-at="2018-03-06T19:36:06Z">
          <reporter-output>
          </reporter-output>
        </test-method> <!-- testPlaneFault -->
        <test-method status="SKIP" signature="driverEnd()[pri:0, instance:Test.TestInformationcenter@18ad742]" name="driverEnd" is-config="true" duration-ms="0" started-at="2018-03-06T19:36:06Z" finished-at="2018-03-06T19:36:06Z">
          <reporter-output>
          </reporter-output>
        </test-method> <!-- driverEnd -->
        <test-method status="SKIP" signature="newDriver()[pri:0, instance:Test.TestInformationcenter@18ad742]" name="newDriver" is-config="true" duration-ms="0" started-at="2018-03-06T19:36:06Z" finished-at="2018-03-06T19:36:06Z">
          <reporter-output>
          </reporter-output>
        </test-method> <!-- newDriver -->
        <test-method status="SKIP" signature="testPlaneInformation()[pri:0, instance:Test.TestInformationcenter@18ad742]" name="testPlaneInformation" duration-ms="1" started-at="2018-03-06T19:36:06Z" finished-at="2018-03-06T19:36:06Z">
          <reporter-output>
          </reporter-output>
        </test-method> <!-- testPlaneInformation -->
        <test-method status="SKIP" signature="driverEnd()[pri:0, instance:Test.TestInformationcenter@18ad742]" name="driverEnd" is-config="true" duration-ms="0" started-at="2018-03-06T19:36:06Z" finished-at="2018-03-06T19:36:06Z">
          <reporter-output>
          </reporter-output>
        </test-method> <!-- driverEnd -->
        <test-method status="SKIP" signature="newDriver()[pri:0, instance:Test.TestInformationcenter@18ad742]" name="newDriver" is-config="true" duration-ms="0" started-at="2018-03-06T19:36:06Z" finished-at="2018-03-06T19:36:06Z">
          <reporter-output>
          </reporter-output>
        </test-method> <!-- newDriver -->
        <test-method status="SKIP" signature="testReadyInformation()[pri:0, instance:Test.TestInformationcenter@18ad742]" name="testReadyInformation" duration-ms="1" started-at="2018-03-06T19:36:06Z" finished-at="2018-03-06T19:36:06Z">
          <reporter-output>
          </reporter-output>
        </test-method> <!-- testReadyInformation -->
        <test-method status="SKIP" signature="driverEnd()[pri:0, instance:Test.TestInformationcenter@18ad742]" name="driverEnd" is-config="true" duration-ms="0" started-at="2018-03-06T19:36:06Z" finished-at="2018-03-06T19:36:06Z">
          <reporter-output>
          </reporter-output>
        </test-method> <!-- driverEnd -->
        <test-method status="SKIP" signature="newDriver()[pri:0, instance:Test.TestInformationcenter@18ad742]" name="newDriver" is-config="true" duration-ms="0" started-at="2018-03-06T19:36:06Z" finished-at="2018-03-06T19:36:06Z">
          <reporter-output>
          </reporter-output>
        </test-method> <!-- newDriver -->
        <test-method status="SKIP" signature="testReservationInformation()[pri:0, instance:Test.TestInformationcenter@18ad742]" name="testReservationInformation" duration-ms="1" started-at="2018-03-06T19:36:06Z" finished-at="2018-03-06T19:36:06Z">
          <reporter-output>
          </reporter-output>
        </test-method> <!-- testReservationInformation -->
        <test-method status="SKIP" signature="driverEnd()[pri:0, instance:Test.TestInformationcenter@18ad742]" name="driverEnd" is-config="true" duration-ms="0" started-at="2018-03-06T19:36:06Z" finished-at="2018-03-06T19:36:06Z">
          <reporter-output>
          </reporter-output>
        </test-method> <!-- driverEnd -->
        <test-method status="SKIP" signature="newDriver()[pri:0, instance:Test.TestInformationcenter@18ad742]" name="newDriver" is-config="true" duration-ms="0" started-at="2018-03-06T19:36:06Z" finished-at="2018-03-06T19:36:06Z">
          <reporter-output>
          </reporter-output>
        </test-method> <!-- newDriver -->
        <test-method status="SKIP" signature="testRouteInquire()[pri:0, instance:Test.TestInformationcenter@18ad742]" name="testRouteInquire" duration-ms="1" started-at="2018-03-06T19:36:06Z" finished-at="2018-03-06T19:36:06Z">
          <reporter-output>
          </reporter-output>
        </test-method> <!-- testRouteInquire -->
        <test-method status="SKIP" signature="driverEnd()[pri:0, instance:Test.TestInformationcenter@18ad742]" name="driverEnd" is-config="true" duration-ms="0" started-at="2018-03-06T19:36:06Z" finished-at="2018-03-06T19:36:06Z">
          <reporter-output>
          </reporter-output>
        </test-method> <!-- driverEnd -->
        <test-method status="SKIP" signature="newDriver()[pri:0, instance:Test.TestInformationcenter@18ad742]" name="newDriver" is-config="true" duration-ms="0" started-at="2018-03-06T19:36:06Z" finished-at="2018-03-06T19:36:06Z">
          <reporter-output>
          </reporter-output>
        </test-method> <!-- newDriver -->
        <test-method status="SKIP" signature="testStartAirportInquire()[pri:0, instance:Test.TestInformationcenter@18ad742]" name="testStartAirportInquire" duration-ms="1" started-at="2018-03-06T19:36:06Z" finished-at="2018-03-06T19:36:06Z">
          <reporter-output>
          </reporter-output>
        </test-method> <!-- testStartAirportInquire -->
        <test-method status="SKIP" signature="driverEnd()[pri:0, instance:Test.TestInformationcenter@18ad742]" name="driverEnd" is-config="true" duration-ms="0" started-at="2018-03-06T19:36:06Z" finished-at="2018-03-06T19:36:06Z">
          <reporter-output>
          </reporter-output>
        </test-method> <!-- driverEnd -->
        <test-method status="SKIP" signature="newDriver()[pri:0, instance:Test.TestInformationcenter@18ad742]" name="newDriver" is-config="true" duration-ms="0" started-at="2018-03-06T19:36:06Z" finished-at="2018-03-06T19:36:06Z">
          <reporter-output>
          </reporter-output>
        </test-method> <!-- newDriver -->
        <test-method status="SKIP" signature="testThreeCodeInquire()[pri:0, instance:Test.TestInformationcenter@18ad742]" name="testThreeCodeInquire" duration-ms="1" started-at="2018-03-06T19:36:06Z" finished-at="2018-03-06T19:36:06Z">
          <reporter-output>
          </reporter-output>
        </test-method> <!-- testThreeCodeInquire -->
        <test-method status="SKIP" signature="driverEnd()[pri:0, instance:Test.TestInformationcenter@18ad742]" name="driverEnd" is-config="true" duration-ms="0" started-at="2018-03-06T19:36:06Z" finished-at="2018-03-06T19:36:06Z">
          <reporter-output>
          </reporter-output>
        </test-method> <!-- driverEnd -->
        <test-method status="SKIP" signature="newDriver()[pri:0, instance:Test.TestInformationcenter@18ad742]" name="newDriver" is-config="true" duration-ms="0" started-at="2018-03-06T19:36:06Z" finished-at="2018-03-06T19:36:06Z">
          <reporter-output>
          </reporter-output>
        </test-method> <!-- newDriver -->
        <test-method status="SKIP" signature="testWeaterInformation()[pri:0, instance:Test.TestInformationcenter@18ad742]" name="testWeaterInformation" duration-ms="1" started-at="2018-03-06T19:36:06Z" finished-at="2018-03-06T19:36:06Z">
          <reporter-output>
          </reporter-output>
        </test-method> <!-- testWeaterInformation -->
        <test-method status="SKIP" signature="driverEnd()[pri:0, instance:Test.TestInformationcenter@18ad742]" name="driverEnd" is-config="true" duration-ms="0" started-at="2018-03-06T19:36:06Z" finished-at="2018-03-06T19:36:06Z">
          <reporter-output>
          </reporter-output>
        </test-method> <!-- driverEnd -->
      </class> <!-- Test.TestInformationcenter -->
    </test> <!-- Default test -->
  </suite> <!-- Default suite -->
</testng-results>
